2021-12-10 02:44:48,132 - IRCServer[4776] - INFO - Launching server moria...
2021-12-10 02:44:48,137 - IRCServer[4776] - INFO - Configuring the server socket...
2021-12-10 02:44:48,141 - IRCServer[4776] - INFO - Connecting to remote server rivendale:33402...
2021-12-10 02:44:48,144 - IRCServer[4776] - INFO - Listening for new connections on port 33405
2021-12-10 02:44:48,148 - IRCServer[4776] - INFO - Received message from Host ID #5 "b'\x00\x00\x00\x00\x05\x00\x00\x00\x00\x05\x00\x0fmoria"The Black Pit"'"
2021-12-10 02:44:48,153 - IRCServer[4776] - INFO - Sending message to Host ID #1 "b'\x00\x00\x00\x00\x05\x00\x00\x00\x02\x05\x00\x0fmoria"The Black Pit"'"
2021-12-10 02:44:48,155 - IRCServer[4776] - INFO - Sending message to Host ID #4 "b'\x00\x00\x00\x00\x05\x00\x00\x00\x02\x05\x00\x0fmoria"The Black Pit"'"
2021-12-10 02:44:48,159 - IRCServer[4776] - INFO - Received message from Host ID #5 "b'\x00\x00\x00\x00\x05\x00\x00\x00\x02\x05\x00\x0fmoria"The Black Pit"'"
2021-12-10 02:44:48,159 - IRCServer[4776] - INFO - Received message from Host ID #5 "b'\x00\x00\x00\x00\x05\x00\x00\x00\x02\x05\x00\x0fmoria"The Black Pit"'"
2021-12-10 02:44:48,159 - IRCServer[4776] - INFO - Received message from Host ID #2 "b'\x00\x00\x00\x00\x02\x00\x00\x00\x05\t\x00\x0frivendale"Elronds House"'"
2021-12-10 02:44:48,163 - IRCServer[4776] - INFO - Sending message to Host ID #3 "b'\x00\x00\x00\x00\x05\x00\x00\x00\x01\x05\x00\x0fmoria"The Black Pit"'"
2021-12-10 02:44:48,164 - IRCServer[4776] - INFO - Received message from Host ID #1 "b'\x00\x00\x00\x00\x01\x00\x00\x00\x02\x08\x00\x15theshire"Home of the Hobbits"'"
2021-12-10 02:44:48,167 - IRCServer[4776] - INFO - Received message from Host ID #101 "b'\x80\x00\x00\x00e\x00\x00\x00\x02\x0c\x00\x0bfrodobaggins"Test info"'"
2021-12-10 02:44:48,167 - IRCServer[4776] - INFO - Received message from Host ID #5 "b'\x00\x00\x00\x00\x05\x00\x00\x00\x01\x05\x00\x0fmoria"The Black Pit"'"
2021-12-10 02:44:48,171 - IRCServer[4776] - INFO - Received message from Host ID #3 "b'\x00\x00\x00\x00\x03\x00\x00\x00\x02\x0b\x00\x1cgrey_havens"Gates to the Blessed Realm"'"
2021-12-10 02:44:48,174 - IRCServer[4776] - INFO - Received message from Host ID #102 "b'\x80\x00\x00\x00f\x00\x00\x00\x02\t\x00\x0bsamgamgee"Test info"'"
2021-12-10 02:44:48,180 - IRCServer[4776] - INFO - Received message from Host ID #103 "b'\x80\x00\x00\x00g\x00\x00\x00\x02\x06\x00\x0belrond"Test info"'"
2021-12-10 02:44:48,182 - IRCServer[4776] - INFO - Received message from Host ID #104 "b'\x80\x00\x00\x00h\x00\x00\x00\x02\x0c\x00\x0bbilbobaggins"Test info"'"
2021-12-10 02:44:48,185 - IRCServer[4776] - INFO - Received message from Host ID #4 "b'\x00\x00\x00\x00\x04\x00\x00\x00\x02\n\x00\x11lothlorien"The Golden Wood"'"
2021-12-10 02:44:49,142 - IRCServer[4776] - INFO - Launching server edoras...
2021-12-10 02:44:49,148 - IRCServer[4776] - INFO - Configuring the server socket...
2021-12-10 02:44:49,155 - IRCServer[4776] - INFO - Connecting to remote server lothlorien:33404...
2021-12-10 02:44:49,160 - IRCServer[4776] - INFO - Listening for new connections on port 33406
2021-12-10 02:44:49,163 - IRCServer[4776] - INFO - Received message from Host ID #6 "b'\x00\x00\x00\x00\x06\x00\x00\x00\x00\x06\x00%edoras"Home of the Golden Hall of Meduseld"'"
2021-12-10 02:44:49,167 - IRCServer[4776] - INFO - Sending message to Host ID #2 "b'\x00\x00\x00\x00\x06\x00\x00\x00\x04\x06\x00%edoras"Home of the Golden Hall of Meduseld"'"
2021-12-10 02:44:49,170 - IRCServer[4776] - INFO - Received message from Host ID #4 "b'\x00\x00\x00\x00\x04\x00\x00\x00\x06\n\x00\x11lothlorien"The Golden Wood"'"
2021-12-10 02:44:49,171 - IRCServer[4776] - INFO - Received message from Host ID #6 "b'\x00\x00\x00\x00\x06\x00\x00\x00\x04\x06\x00%edoras"Home of the Golden Hall of Meduseld"'"
2021-12-10 02:44:49,174 - IRCServer[4776] - INFO - Received message from Host ID #2 "b'\x00\x00\x00\x00\x02\x00\x00\x00\x04\t\x00\x0frivendale"Elronds House"'"
2021-12-10 02:44:49,174 - IRCServer[4776] - INFO - Sending message to Host ID #1 "b'\x00\x00\x00\x00\x06\x00\x00\x00\x02\x06\x00%edoras"Home of the Golden Hall of Meduseld"'"
2021-12-10 02:44:49,177 - IRCServer[4776] - INFO - Received message from Host ID #1 "b'\x00\x00\x00\x00\x01\x00\x00\x00\x04\x08\x00\x15theshire"Home of the Hobbits"'"
2021-12-10 02:44:49,177 - IRCServer[4776] - INFO - Sending message to Host ID #5 "b'\x00\x00\x00\x00\x06\x00\x00\x00\x02\x06\x00%edoras"Home of the Golden Hall of Meduseld"'"
2021-12-10 02:44:49,181 - IRCServer[4776] - INFO - Received message from Host ID #101 "b'\x80\x00\x00\x00e\x00\x00\x00\x04\x0c\x00\x0bfrodobaggins"Test info"'"
2021-12-10 02:44:49,181 - IRCServer[4776] - INFO - Received message from Host ID #6 "b'\x00\x00\x00\x00\x06\x00\x00\x00\x02\x06\x00%edoras"Home of the Golden Hall of Meduseld"'"
2021-12-10 02:44:49,182 - IRCServer[4776] - INFO - Received message from Host ID #6 "b'\x00\x00\x00\x00\x06\x00\x00\x00\x02\x06\x00%edoras"Home of the Golden Hall of Meduseld"'"
2021-12-10 02:44:49,185 - IRCServer[4776] - INFO - Received message from Host ID #3 "b'\x00\x00\x00\x00\x03\x00\x00\x00\x04\x0b\x00\x1cgrey_havens"Gates to the Blessed Realm"'"
2021-12-10 02:44:49,185 - IRCServer[4776] - INFO - Sending message to Host ID #3 "b'\x00\x00\x00\x00\x06\x00\x00\x00\x01\x06\x00%edoras"Home of the Golden Hall of Meduseld"'"
2021-12-10 02:44:49,190 - IRCServer[4776] - INFO - Received message from Host ID #102 "b'\x80\x00\x00\x00f\x00\x00\x00\x04\t\x00\x0bsamgamgee"Test info"'"
2021-12-10 02:44:49,191 - IRCServer[4776] - INFO - Received message from Host ID #6 "b'\x00\x00\x00\x00\x06\x00\x00\x00\x01\x06\x00%edoras"Home of the Golden Hall of Meduseld"'"
2021-12-10 02:44:49,193 - IRCServer[4776] - INFO - Received message from Host ID #103 "b'\x80\x00\x00\x00g\x00\x00\x00\x04\x06\x00\x0belrond"Test info"'"
2021-12-10 02:44:49,197 - IRCServer[4776] - INFO - Received message from Host ID #104 "b'\x80\x00\x00\x00h\x00\x00\x00\x04\x0c\x00\x0bbilbobaggins"Test info"'"
2021-12-10 02:44:49,201 - IRCServer[4776] - INFO - Received message from Host ID #5 "b'\x00\x00\x00\x00\x05\x00\x00\x00\x04\x05\x00\x0fmoria"The Black Pit"'"
2021-12-10 02:44:50,147 - IRCServer[4776] - INFO - Launching server minastirith...
2021-12-10 02:44:50,153 - IRCServer[4776] - INFO - Configuring the server socket...
2021-12-10 02:44:50,159 - IRCServer[4776] - INFO - Connecting to remote server lothlorien:33404...
2021-12-10 02:44:50,164 - IRCServer[4776] - INFO - Listening for new connections on port 33407
2021-12-10 02:44:50,169 - IRCServer[4776] - INFO - Received message from Host ID #7 "b'\x00\x00\x00\x00\x07\x00\x00\x00\x00\x0b\x00\x10minastirith"Tower of Guard"'"
2021-12-10 02:44:50,174 - IRCServer[4776] - INFO - Sending message to Host ID #2 "b'\x00\x00\x00\x00\x07\x00\x00\x00\x04\x0b\x00\x10minastirith"Tower of Guard"'"
2021-12-10 02:44:50,178 - IRCServer[4776] - INFO - Sending message to Host ID #6 "b'\x00\x00\x00\x00\x07\x00\x00\x00\x04\x0b\x00\x10minastirith"Tower of Guard"'"
2021-12-10 02:44:50,182 - IRCServer[4776] - INFO - Received message from Host ID #7 "b'\x00\x00\x00\x00\x07\x00\x00\x00\x04\x0b\x00\x10minastirith"Tower of Guard"'"
2021-12-10 02:44:50,182 - IRCServer[4776] - INFO - Received message from Host ID #7 "b'\x00\x00\x00\x00\x07\x00\x00\x00\x04\x0b\x00\x10minastirith"Tower of Guard"'"
2021-12-10 02:44:50,183 - IRCServer[4776] - INFO - Received message from Host ID #4 "b'\x00\x00\x00\x00\x04\x00\x00\x00\x07\n\x00\x11lothlorien"The Golden Wood"'"
2021-12-10 02:44:50,186 - IRCServer[4776] - INFO - Sending message to Host ID #1 "b'\x00\x00\x00\x00\x07\x00\x00\x00\x02\x0b\x00\x10minastirith"Tower of Guard"'"
2021-12-10 02:44:50,187 - IRCServer[4776] - INFO - Received message from Host ID #2 "b'\x00\x00\x00\x00\x02\x00\x00\x00\x04\t\x00\x0frivendale"Elronds House"'"
2021-12-10 02:44:50,191 - IRCServer[4776] - INFO - Sending message to Host ID #5 "b'\x00\x00\x00\x00\x07\x00\x00\x00\x02\x0b\x00\x10minastirith"Tower of Guard"'"
2021-12-10 02:44:50,194 - IRCServer[4776] - INFO - Received message from Host ID #1 "b'\x00\x00\x00\x00\x01\x00\x00\x00\x04\x08\x00\x15theshire"Home of the Hobbits"'"
2021-12-10 02:44:50,196 - IRCServer[4776] - INFO - Received message from Host ID #7 "b'\x00\x00\x00\x00\x07\x00\x00\x00\x02\x0b\x00\x10minastirith"Tower of Guard"'"
2021-12-10 02:44:50,197 - IRCServer[4776] - INFO - Received message from Host ID #7 "b'\x00\x00\x00\x00\x07\x00\x00\x00\x02\x0b\x00\x10minastirith"Tower of Guard"'"
2021-12-10 02:44:50,199 - IRCServer[4776] - INFO - Received message from Host ID #101 "b'\x80\x00\x00\x00e\x00\x00\x00\x04\x0c\x00\x0bfrodobaggins"Test info"'"
2021-12-10 02:44:50,201 - IRCServer[4776] - INFO - Sending message to Host ID #3 "b'\x00\x00\x00\x00\x07\x00\x00\x00\x01\x0b\x00\x10minastirith"Tower of Guard"'"
2021-12-10 02:44:50,203 - IRCServer[4776] - INFO - Received message from Host ID #3 "b'\x00\x00\x00\x00\x03\x00\x00\x00\x04\x0b\x00\x1cgrey_havens"Gates to the Blessed Realm"'"
2021-12-10 02:44:50,206 - IRCServer[4776] - INFO - Received message from Host ID #7 "b'\x00\x00\x00\x00\x07\x00\x00\x00\x01\x0b\x00\x10minastirith"Tower of Guard"'"
2021-12-10 02:44:50,208 - IRCServer[4776] - INFO - Received message from Host ID #102 "b'\x80\x00\x00\x00f\x00\x00\x00\x04\t\x00\x0bsamgamgee"Test info"'"
2021-12-10 02:44:50,211 - IRCServer[4776] - INFO - Received message from Host ID #103 "b'\x80\x00\x00\x00g\x00\x00\x00\x04\x06\x00\x0belrond"Test info"'"
2021-12-10 02:44:50,216 - IRCServer[4776] - INFO - Received message from Host ID #104 "b'\x80\x00\x00\x00h\x00\x00\x00\x04\x0c\x00\x0bbilbobaggins"Test info"'"
2021-12-10 02:44:50,221 - IRCServer[4776] - INFO - Received message from Host ID #5 "b'\x00\x00\x00\x00\x05\x00\x00\x00\x04\x05\x00\x0fmoria"The Black Pit"'"
2021-12-10 02:44:50,226 - IRCServer[4776] - INFO - Received message from Host ID #6 "b'\x00\x00\x00\x00\x06\x00\x00\x00\x04\x06\x00%edoras"Home of the Golden Hall of Meduseld"'"
2021-12-10 02:44:52,158 - IRCServer[4776] - INFO - Launching client peregrin...
2021-12-10 02:44:52,165 - IRCServer[4776] - INFO - Sending message to b'\x80\x00\x00\x00i\x00\x00\x00\x00\x08\x00\x0bperegrin"Test info"'
2021-12-10 02:44:52,170 - IRCServer[4776] - INFO - Received message from Host ID #105 "b'\x80\x00\x00\x00i\x00\x00\x00\x00\x08\x00\x0bperegrin"Test info"'"
2021-12-10 02:44:52,175 - IRCServer[4776] - INFO - Sending message to Host ID #4 "b'\x80\x00\x00\x00i\x00\x00\x00\x07\x08\x00\x0bperegrin"Test info"'"
2021-12-10 02:44:52,181 - IRCServer[4776] - INFO - Received message from Host ID #7 "b'\x01\x00\x00\x00\x07\x00\x00\x00i\x00\x00\x00\x00\x002Welcome to the Clemson Relay Chat network peregrin'"
2021-12-10 02:44:52,183 - IRCServer[4776] - INFO - Received message from Host ID #105 "b'\x80\x00\x00\x00i\x00\x00\x00\x07\x08\x00\x0bperegrin"Test info"'"
2021-12-10 02:44:52,188 - IRCServer[4776] - INFO - Sending message to Host ID #2 "b'\x80\x00\x00\x00i\x00\x00\x00\x04\x08\x00\x0bperegrin"Test info"'"
2021-12-10 02:44:52,189 - IRCServer[4776] - INFO - Received message from Host ID #101 "b'\x80\x00\x00\x00e\x00\x00\x00\x07\x0c\x00\x0bfrodobaggins"Test info"'"
2021-12-10 02:44:52,194 - IRCServer[4776] - INFO - Sending message to Host ID #6 "b'\x80\x00\x00\x00i\x00\x00\x00\x04\x08\x00\x0bperegrin"Test info"'"
2021-12-10 02:44:52,195 - IRCServer[4776] - INFO - Received message from Host ID #102 "b'\x80\x00\x00\x00f\x00\x00\x00\x07\t\x00\x0bsamgamgee"Test info"'"
2021-12-10 02:44:52,199 - IRCServer[4776] - INFO - Received message from Host ID #105 "b'\x80\x00\x00\x00i\x00\x00\x00\x04\x08\x00\x0bperegrin"Test info"'"
2021-12-10 02:44:52,200 - IRCServer[4776] - INFO - Received message from Host ID #105 "b'\x80\x00\x00\x00i\x00\x00\x00\x04\x08\x00\x0bperegrin"Test info"'"
2021-12-10 02:44:52,202 - IRCServer[4776] - INFO - Received message from Host ID #103 "b'\x80\x00\x00\x00g\x00\x00\x00\x07\x06\x00\x0belrond"Test info"'"
2021-12-10 02:44:52,205 - IRCServer[4776] - INFO - Sending message to Host ID #1 "b'\x80\x00\x00\x00i\x00\x00\x00\x02\x08\x00\x0bperegrin"Test info"'"
2021-12-10 02:44:52,207 - IRCServer[4776] - INFO - Received message from Host ID #104 "b'\x80\x00\x00\x00h\x00\x00\x00\x07\x0c\x00\x0bbilbobaggins"Test info"'"
2021-12-10 02:44:52,210 - IRCServer[4776] - INFO - Sending message to Host ID #5 "b'\x80\x00\x00\x00i\x00\x00\x00\x02\x08\x00\x0bperegrin"Test info"'"
2021-12-10 02:44:52,217 - IRCServer[4776] - INFO - Sending message to Host ID #103 "b'\x80\x00\x00\x00i\x00\x00\x00\x02\x08\x00\x0bperegrin"Test info"'"
2021-12-10 02:44:52,221 - IRCServer[4776] - INFO - Received message from Host ID #105 "b'\x80\x00\x00\x00i\x00\x00\x00\x02\x08\x00\x0bperegrin"Test info"'"
2021-12-10 02:44:52,221 - IRCServer[4776] - INFO - Received message from Host ID #105 "b'\x80\x00\x00\x00i\x00\x00\x00\x02\x08\x00\x0bperegrin"Test info"'"
2021-12-10 02:44:52,221 - IRCServer[4776] - INFO - Received message from Host ID #105 "b'\x80\x00\x00\x00i\x00\x00\x00\x02\x08\x00\x0bperegrin"Test info"'"
2021-12-10 02:44:52,225 - IRCServer[4776] - INFO - Sending message to Host ID #3 "b'\x80\x00\x00\x00i\x00\x00\x00\x01\x08\x00\x0bperegrin"Test info"'"
2021-12-10 02:44:52,231 - IRCServer[4776] - INFO - Sending message to Host ID #101 "b'\x80\x00\x00\x00i\x00\x00\x00\x01\x08\x00\x0bperegrin"Test info"'"
2021-12-10 02:44:52,235 - IRCServer[4776] - INFO - Sending message to Host ID #102 "b'\x80\x00\x00\x00i\x00\x00\x00\x01\x08\x00\x0bperegrin"Test info"'"
2021-12-10 02:44:52,240 - IRCServer[4776] - INFO - Received message from Host ID #105 "b'\x80\x00\x00\x00i\x00\x00\x00\x01\x08\x00\x0bperegrin"Test info"'"
2021-12-10 02:44:52,240 - IRCServer[4776] - INFO - Received message from Host ID #105 "b'\x80\x00\x00\x00i\x00\x00\x00\x01\x08\x00\x0bperegrin"Test info"'"
2021-12-10 02:44:52,241 - IRCServer[4776] - INFO - Received message from Host ID #105 "b'\x80\x00\x00\x00i\x00\x00\x00\x01\x08\x00\x0bperegrin"Test info"'"
2021-12-10 02:44:52,247 - IRCServer[4776] - INFO - Sending message to Host ID #104 "b'\x80\x00\x00\x00i\x00\x00\x00\x03\x08\x00\x0bperegrin"Test info"'"
2021-12-10 02:44:52,253 - IRCServer[4776] - INFO - Received message from Host ID #105 "b'\x80\x00\x00\x00i\x00\x00\x00\x03\x08\x00\x0bperegrin"Test info"'"
2021-12-10 02:44:53,174 - IRCServer[4776] - INFO - Launching server mirkwood...
2021-12-10 02:44:53,179 - IRCServer[4776] - INFO - Configuring the server socket...
2021-12-10 02:44:53,185 - IRCServer[4776] - INFO - Connecting to remote server rivendale:33402...
2021-12-10 02:44:53,192 - IRCServer[4776] - INFO - Listening for new connections on port 33408
2021-12-10 02:44:53,197 - IRCServer[4776] - INFO - Received message from Host ID #8 "b'\x00\x00\x00\x00\x08\x00\x00\x00\x00\x08\x00\x15mirkwood"Wood of Greenleaves"'"
2021-12-10 02:44:53,203 - IRCServer[4776] - INFO - Sending message to Host ID #1 "b'\x00\x00\x00\x00\x08\x00\x00\x00\x02\x08\x00\x15mirkwood"Wood of Greenleaves"'"
2021-12-10 02:44:53,207 - IRCServer[4776] - INFO - Sending message to Host ID #4 "b'\x00\x00\x00\x00\x08\x00\x00\x00\x02\x08\x00\x15mirkwood"Wood of Greenleaves"'"
2021-12-10 02:44:53,215 - IRCServer[4776] - INFO - Sending message to Host ID #5 "b'\x00\x00\x00\x00\x08\x00\x00\x00\x02\x08\x00\x15mirkwood"Wood of Greenleaves"'"
2021-12-10 02:44:53,221 - IRCServer[4776] - INFO - Received message from Host ID #8 "b'\x00\x00\x00\x00\x08\x00\x00\x00\x02\x08\x00\x15mirkwood"Wood of Greenleaves"'"
2021-12-10 02:44:53,221 - IRCServer[4776] - INFO - Received message from Host ID #2 "b'\x00\x00\x00\x00\x02\x00\x00\x00\x08\t\x00\x0frivendale"Elronds House"'"
2021-12-10 02:44:53,222 - IRCServer[4776] - INFO - Received message from Host ID #8 "b'\x00\x00\x00\x00\x08\x00\x00\x00\x02\x08\x00\x15mirkwood"Wood of Greenleaves"'"
2021-12-10 02:44:53,222 - IRCServer[4776] - INFO - Received message from Host ID #8 "b'\x00\x00\x00\x00\x08\x00\x00\x00\x02\x08\x00\x15mirkwood"Wood of Greenleaves"'"
2021-12-10 02:44:53,228 - IRCServer[4776] - INFO - Received message from Host ID #1 "b'\x00\x00\x00\x00\x01\x00\x00\x00\x02\x08\x00\x15theshire"Home of the Hobbits"'"
2021-12-10 02:44:53,229 - IRCServer[4776] - INFO - Sending message to Host ID #3 "b'\x00\x00\x00\x00\x08\x00\x00\x00\x01\x08\x00\x15mirkwood"Wood of Greenleaves"'"
2021-12-10 02:44:53,229 - IRCServer[4776] - INFO - Sending message to Host ID #6 "b'\x00\x00\x00\x00\x08\x00\x00\x00\x04\x08\x00\x15mirkwood"Wood of Greenleaves"'"
2021-12-10 02:44:53,235 - IRCServer[4776] - INFO - Received message from Host ID #101 "b'\x80\x00\x00\x00e\x00\x00\x00\x02\x0c\x00\x0bfrodobaggins"Test info"'"
2021-12-10 02:44:53,235 - IRCServer[4776] - INFO - Received message from Host ID #8 "b'\x00\x00\x00\x00\x08\x00\x00\x00\x01\x08\x00\x15mirkwood"Wood of Greenleaves"'"
2021-12-10 02:44:53,236 - IRCServer[4776] - INFO - Sending message to Host ID #7 "b'\x00\x00\x00\x00\x08\x00\x00\x00\x04\x08\x00\x15mirkwood"Wood of Greenleaves"'"
2021-12-10 02:44:53,240 - IRCServer[4776] - INFO - Received message from Host ID #3 "b'\x00\x00\x00\x00\x03\x00\x00\x00\x02\x0b\x00\x1cgrey_havens"Gates to the Blessed Realm"'"
2021-12-10 02:44:53,243 - IRCServer[4776] - INFO - Received message from Host ID #8 "b'\x00\x00\x00\x00\x08\x00\x00\x00\x04\x08\x00\x15mirkwood"Wood of Greenleaves"'"
2021-12-10 02:44:53,245 - IRCServer[4776] - INFO - Received message from Host ID #8 "b'\x00\x00\x00\x00\x08\x00\x00\x00\x04\x08\x00\x15mirkwood"Wood of Greenleaves"'"
2021-12-10 02:44:53,248 - IRCServer[4776] - INFO - Received message from Host ID #102 "b'\x80\x00\x00\x00f\x00\x00\x00\x02\t\x00\x0bsamgamgee"Test info"'"
2021-12-10 02:44:53,253 - IRCServer[4776] - INFO - Received message from Host ID #103 "b'\x80\x00\x00\x00g\x00\x00\x00\x02\x06\x00\x0belrond"Test info"'"
2021-12-10 02:44:53,258 - IRCServer[4776] - INFO - Received message from Host ID #104 "b'\x80\x00\x00\x00h\x00\x00\x00\x02\x0c\x00\x0bbilbobaggins"Test info"'"
2021-12-10 02:44:53,265 - IRCServer[4776] - INFO - Received message from Host ID #4 "b'\x00\x00\x00\x00\x04\x00\x00\x00\x02\n\x00\x11lothlorien"The Golden Wood"'"
2021-12-10 02:44:53,270 - IRCServer[4776] - INFO - Received message from Host ID #5 "b'\x00\x00\x00\x00\x05\x00\x00\x00\x02\x05\x00\x0fmoria"The Black Pit"'"
2021-12-10 02:44:53,275 - IRCServer[4776] - INFO - Received message from Host ID #6 "b'\x00\x00\x00\x00\x06\x00\x00\x00\x02\x06\x00%edoras"Home of the Golden Hall of Meduseld"'"
2021-12-10 02:44:53,280 - IRCServer[4776] - INFO - Received message from Host ID #7 "b'\x00\x00\x00\x00\x07\x00\x00\x00\x02\x0b\x00\x10minastirith"Tower of Guard"'"
2021-12-10 02:44:53,284 - IRCServer[4776] - INFO - Received message from Host ID #105 "b'\x80\x00\x00\x00i\x00\x00\x00\x02\x08\x00\x0bperegrin"Test info"'"
2021-12-10 02:44:54,190 - IRCServer[4776] - INFO - Launching client meriadoc...
2021-12-10 02:44:54,204 - IRCServer[4776] - INFO - Sending message to b'\x80\x00\x00\x00j\x00\x00\x00\x00\x08\x00\x0bmeriadoc"Test info"'
2021-12-10 02:44:54,214 - IRCServer[4776] - INFO - Received message from Host ID #106 "b'\x80\x00\x00\x00j\x00\x00\x00\x00\x08\x00\x0bmeriadoc"Test info"'"
2021-12-10 02:44:54,219 - IRCServer[4776] - INFO - Sending message to Host ID #4 "b'\x80\x00\x00\x00j\x00\x00\x00\x06\x08\x00\x0bmeriadoc"Test info"'"
2021-12-10 02:44:54,224 - IRCServer[4776] - INFO - Received message from Host ID #6 "b'\x01\x00\x00\x00\x06\x00\x00\x00j\x00\x00\x00\x00\x002Welcome to the Clemson Relay Chat network meriadoc'"
2021-12-10 02:44:54,227 - IRCServer[4776] - INFO - Received message from Host ID #106 "b'\x80\x00\x00\x00j\x00\x00\x00\x06\x08\x00\x0bmeriadoc"Test info"'"
2021-12-10 02:44:54,231 - IRCServer[4776] - INFO - Received message from Host ID #101 "b'\x80\x00\x00\x00e\x00\x00\x00\x06\x0c\x00\x0bfrodobaggins"Test info"'"
2021-12-10 02:44:54,234 - IRCServer[4776] - INFO - Sending message to Host ID #2 "b'\x80\x00\x00\x00j\x00\x00\x00\x04\x08\x00\x0bmeriadoc"Test info"'"
2021-12-10 02:44:54,240 - IRCServer[4776] - INFO - Received message from Host ID #102 "b'\x80\x00\x00\x00f\x00\x00\x00\x06\t\x00\x0bsamgamgee"Test info"'"
2021-12-10 02:44:54,242 - IRCServer[4776] - INFO - Sending message to Host ID #7 "b'\x80\x00\x00\x00j\x00\x00\x00\x04\x08\x00\x0bmeriadoc"Test info"'"
2021-12-10 02:44:54,248 - IRCServer[4776] - INFO - Received message from Host ID #103 "b'\x80\x00\x00\x00g\x00\x00\x00\x06\x06\x00\x0belrond"Test info"'"
2021-12-10 02:44:54,249 - IRCServer[4776] - INFO - Received message from Host ID #106 "b'\x80\x00\x00\x00j\x00\x00\x00\x04\x08\x00\x0bmeriadoc"Test info"'"
2021-12-10 02:44:54,249 - IRCServer[4776] - INFO - Received message from Host ID #106 "b'\x80\x00\x00\x00j\x00\x00\x00\x04\x08\x00\x0bmeriadoc"Test info"'"
2021-12-10 02:44:54,256 - IRCServer[4776] - INFO - Received message from Host ID #104 "b'\x80\x00\x00\x00h\x00\x00\x00\x06\x0c\x00\x0bbilbobaggins"Test info"'"
2021-12-10 02:44:54,257 - IRCServer[4776] - INFO - Sending message to Host ID #105 "b'\x80\x00\x00\x00j\x00\x00\x00\x07\x08\x00\x0bmeriadoc"Test info"'"
2021-12-10 02:44:54,258 - IRCServer[4776] - INFO - Sending message to Host ID #1 "b'\x80\x00\x00\x00j\x00\x00\x00\x02\x08\x00\x0bmeriadoc"Test info"'"
2021-12-10 02:44:54,262 - IRCServer[4776] - INFO - Received message from Host ID #105 "b'\x80\x00\x00\x00i\x00\x00\x00\x06\x08\x00\x0bperegrin"Test info"'"
2021-12-10 02:44:54,264 - IRCServer[4776] - INFO - Received message from Host ID #106 "b'\x80\x00\x00\x00j\x00\x00\x00\x07\x08\x00\x0bmeriadoc"Test info"'"
2021-12-10 02:44:54,265 - IRCServer[4776] - INFO - Sending message to Host ID #5 "b'\x80\x00\x00\x00j\x00\x00\x00\x02\x08\x00\x0bmeriadoc"Test info"'"
2021-12-10 02:44:54,275 - IRCServer[4776] - INFO - Sending message to Host ID #8 "b'\x80\x00\x00\x00j\x00\x00\x00\x02\x08\x00\x0bmeriadoc"Test info"'"
2021-12-10 02:44:54,280 - IRCServer[4776] - INFO - Sending message to Host ID #103 "b'\x80\x00\x00\x00j\x00\x00\x00\x02\x08\x00\x0bmeriadoc"Test info"'"
2021-12-10 02:44:54,285 - IRCServer[4776] - INFO - Received message from Host ID #106 "b'\x80\x00\x00\x00j\x00\x00\x00\x02\x08\x00\x0bmeriadoc"Test info"'"
2021-12-10 02:44:54,285 - IRCServer[4776] - INFO - Received message from Host ID #106 "b'\x80\x00\x00\x00j\x00\x00\x00\x02\x08\x00\x0bmeriadoc"Test info"'"
2021-12-10 02:44:54,285 - IRCServer[4776] - INFO - Received message from Host ID #106 "b'\x80\x00\x00\x00j\x00\x00\x00\x02\x08\x00\x0bmeriadoc"Test info"'"
2021-12-10 02:44:54,286 - IRCServer[4776] - INFO - Received message from Host ID #106 "b'\x80\x00\x00\x00j\x00\x00\x00\x02\x08\x00\x0bmeriadoc"Test info"'"
2021-12-10 02:44:54,293 - IRCServer[4776] - INFO - Sending message to Host ID #3 "b'\x80\x00\x00\x00j\x00\x00\x00\x01\x08\x00\x0bmeriadoc"Test info"'"
2021-12-10 02:44:54,300 - IRCServer[4776] - INFO - Sending message to Host ID #101 "b'\x80\x00\x00\x00j\x00\x00\x00\x01\x08\x00\x0bmeriadoc"Test info"'"
2021-12-10 02:44:54,305 - IRCServer[4776] - INFO - Sending message to Host ID #102 "b'\x80\x00\x00\x00j\x00\x00\x00\x01\x08\x00\x0bmeriadoc"Test info"'"
2021-12-10 02:44:54,312 - IRCServer[4776] - INFO - Received message from Host ID #106 "b'\x80\x00\x00\x00j\x00\x00\x00\x01\x08\x00\x0bmeriadoc"Test info"'"
2021-12-10 02:44:54,312 - IRCServer[4776] - INFO - Received message from Host ID #106 "b'\x80\x00\x00\x00j\x00\x00\x00\x01\x08\x00\x0bmeriadoc"Test info"'"
2021-12-10 02:44:54,314 - IRCServer[4776] - INFO - Received message from Host ID #106 "b'\x80\x00\x00\x00j\x00\x00\x00\x01\x08\x00\x0bmeriadoc"Test info"'"
2021-12-10 02:44:54,321 - IRCServer[4776] - INFO - Sending message to Host ID #104 "b'\x80\x00\x00\x00j\x00\x00\x00\x03\x08\x00\x0bmeriadoc"Test info"'"
2021-12-10 02:44:54,329 - IRCServer[4776] - INFO - Received message from Host ID #106 "b'\x80\x00\x00\x00j\x00\x00\x00\x03\x08\x00\x0bmeriadoc"Test info"'"
2021-12-10 02:44:55,210 - IRCServer[4776] - INFO - Launching server isengard...
2021-12-10 02:44:55,218 - IRCServer[4776] - INFO - Configuring the server socket...
2021-12-10 02:44:55,225 - IRCServer[4776] - INFO - Connecting to remote server edoras:33406...
2021-12-10 02:44:55,234 - IRCServer[4776] - INFO - Listening for new connections on port 33409
2021-12-10 02:44:55,240 - IRCServer[4776] - INFO - Received message from Host ID #9 "b'\x00\x00\x00\x00\t\x00\x00\x00\x00\x08\x00\x1disengard"Angrenost, The Iron Fortres"'"
2021-12-10 02:44:55,246 - IRCServer[4776] - INFO - Sending message to Host ID #4 "b'\x00\x00\x00\x00\t\x00\x00\x00\x06\x08\x00\x1disengard"Angrenost, The Iron Fortres"'"
2021-12-10 02:44:55,253 - IRCServer[4776] - INFO - Received message from Host ID #9 "b'\x00\x00\x00\x00\t\x00\x00\x00\x06\x08\x00\x1disengard"Angrenost, The Iron Fortres"'"
2021-12-10 02:44:55,253 - IRCServer[4776] - INFO - Received message from Host ID #6 "b'\x00\x00\x00\x00\x06\x00\x00\x00\t\x06\x00%edoras"Home of the Golden Hall of Meduseld"'"
2021-12-10 02:44:55,259 - IRCServer[4776] - INFO - Sending message to Host ID #2 "b'\x00\x00\x00\x00\t\x00\x00\x00\x04\x08\x00\x1disengard"Angrenost, The Iron Fortres"'"
2021-12-10 02:44:55,262 - IRCServer[4776] - INFO - Received message from Host ID #4 "b'\x00\x00\x00\x00\x04\x00\x00\x00\x06\n\x00\x11lothlorien"The Golden Wood"'"
2021-12-10 02:44:55,268 - IRCServer[4776] - INFO - Sending message to Host ID #7 "b'\x00\x00\x00\x00\t\x00\x00\x00\x04\x08\x00\x1disengard"Angrenost, The Iron Fortres"'"
2021-12-10 02:44:55,269 - IRCServer[4776] - INFO - Received message from Host ID #2 "b'\x00\x00\x00\x00\x02\x00\x00\x00\x06\t\x00\x0frivendale"Elronds House"'"
2021-12-10 02:44:55,277 - IRCServer[4776] - INFO - Received message from Host ID #9 "b'\x00\x00\x00\x00\t\x00\x00\x00\x04\x08\x00\x1disengard"Angrenost, The Iron Fortres"'"
2021-12-10 02:44:55,277 - IRCServer[4776] - INFO - Received message from Host ID #1 "b'\x00\x00\x00\x00\x01\x00\x00\x00\x06\x08\x00\x15theshire"Home of the Hobbits"'"
2021-12-10 02:44:55,278 - IRCServer[4776] - INFO - Received message from Host ID #9 "b'\x00\x00\x00\x00\t\x00\x00\x00\x04\x08\x00\x1disengard"Angrenost, The Iron Fortres"'"
2021-12-10 02:44:55,285 - IRCServer[4776] - INFO - Received message from Host ID #101 "b'\x80\x00\x00\x00e\x00\x00\x00\x06\x0c\x00\x0bfrodobaggins"Test info"'"
2021-12-10 02:44:55,285 - IRCServer[4776] - INFO - Sending message to Host ID #1 "b'\x00\x00\x00\x00\t\x00\x00\x00\x02\x08\x00\x1disengard"Angrenost, The Iron Fortres"'"
2021-12-10 02:44:55,291 - IRCServer[4776] - INFO - Received message from Host ID #3 "b'\x00\x00\x00\x00\x03\x00\x00\x00\x06\x0b\x00\x1cgrey_havens"Gates to the Blessed Realm"'"
2021-12-10 02:44:55,292 - IRCServer[4776] - INFO - Sending message to Host ID #5 "b'\x00\x00\x00\x00\t\x00\x00\x00\x02\x08\x00\x1disengard"Angrenost, The Iron Fortres"'"
2021-12-10 02:44:55,297 - IRCServer[4776] - INFO - Received message from Host ID #102 "b'\x80\x00\x00\x00f\x00\x00\x00\x06\t\x00\x0bsamgamgee"Test info"'"
2021-12-10 02:44:55,298 - IRCServer[4776] - INFO - Sending message to Host ID #8 "b'\x00\x00\x00\x00\t\x00\x00\x00\x02\x08\x00\x1disengard"Angrenost, The Iron Fortres"'"
2021-12-10 02:44:55,304 - IRCServer[4776] - INFO - Received message from Host ID #103 "b'\x80\x00\x00\x00g\x00\x00\x00\x06\x06\x00\x0belrond"Test info"'"
2021-12-10 02:44:55,306 - IRCServer[4776] - INFO - Received message from Host ID #9 "b'\x00\x00\x00\x00\t\x00\x00\x00\x02\x08\x00\x1disengard"Angrenost, The Iron Fortres"'"
2021-12-10 02:44:55,306 - IRCServer[4776] - INFO - Received message from Host ID #9 "b'\x00\x00\x00\x00\t\x00\x00\x00\x02\x08\x00\x1disengard"Angrenost, The Iron Fortres"'"
2021-12-10 02:44:55,306 - IRCServer[4776] - INFO - Received message from Host ID #9 "b'\x00\x00\x00\x00\t\x00\x00\x00\x02\x08\x00\x1disengard"Angrenost, The Iron Fortres"'"
2021-12-10 02:44:55,311 - IRCServer[4776] - INFO - Received message from Host ID #104 "b'\x80\x00\x00\x00h\x00\x00\x00\x06\x0c\x00\x0bbilbobaggins"Test info"'"
2021-12-10 02:44:55,313 - IRCServer[4776] - INFO - Sending message to Host ID #3 "b'\x00\x00\x00\x00\t\x00\x00\x00\x01\x08\x00\x1disengard"Angrenost, The Iron Fortres"'"
2021-12-10 02:44:55,319 - IRCServer[4776] - INFO - Received message from Host ID #5 "b'\x00\x00\x00\x00\x05\x00\x00\x00\x06\x05\x00\x0fmoria"The Black Pit"'"
2021-12-10 02:44:55,320 - IRCServer[4776] - INFO - Received message from Host ID #9 "b'\x00\x00\x00\x00\t\x00\x00\x00\x01\x08\x00\x1disengard"Angrenost, The Iron Fortres"'"
2021-12-10 02:44:55,326 - IRCServer[4776] - INFO - Received message from Host ID #7 "b'\x00\x00\x00\x00\x07\x00\x00\x00\x06\x0b\x00\x10minastirith"Tower of Guard"'"
2021-12-10 02:44:55,334 - IRCServer[4776] - INFO - Received message from Host ID #105 "b'\x80\x00\x00\x00i\x00\x00\x00\x06\x08\x00\x0bperegrin"Test info"'"
2021-12-10 02:44:55,341 - IRCServer[4776] - INFO - Received message from Host ID #8 "b'\x00\x00\x00\x00\x08\x00\x00\x00\x06\x08\x00\x15mirkwood"Wood of Greenleaves"'"
2021-12-10 02:44:55,352 - IRCServer[4776] - INFO - Received message from Host ID #106 "b'\x80\x00\x00\x00j\x00\x00\x00\x06\x08\x00\x0bmeriadoc"Test info"'"
2021-12-10 02:44:56,223 - IRCServer[4776] - INFO - Launching server osgiliath...
2021-12-10 02:44:56,234 - IRCServer[4776] - INFO - Configuring the server socket...
2021-12-10 02:44:56,242 - IRCServer[4776] - INFO - Connecting to remote server minastirith:33407...
2021-12-10 02:44:56,253 - IRCServer[4776] - INFO - Listening for new connections on port 33410
2021-12-10 02:44:56,260 - IRCServer[4776] - INFO - Received message from Host ID #10 "b'\x00\x00\x00\x00\n\x00\x00\x00\x00\t\x00\x16osgiliath"Citadel of the Stars"'"
2021-12-10 02:44:56,268 - IRCServer[4776] - INFO - Sending message to Host ID #4 "b'\x00\x00\x00\x00\n\x00\x00\x00\x07\t\x00\x16osgiliath"Citadel of the Stars"'"
2021-12-10 02:44:56,278 - IRCServer[4776] - INFO - Received message from Host ID #10 "b'\x00\x00\x00\x00\n\x00\x00\x00\x07\t\x00\x16osgiliath"Citadel of the Stars"'"
2021-12-10 02:44:56,278 - IRCServer[4776] - INFO - Received message from Host ID #7 "b'\x00\x00\x00\x00\x07\x00\x00\x00\n\x0b\x00\x10minastirith"Tower of Guard"'"
2021-12-10 02:44:56,287 - IRCServer[4776] - INFO - Sending message to Host ID #2 "b'\x00\x00\x00\x00\n\x00\x00\x00\x04\t\x00\x16osgiliath"Citadel of the Stars"'"
2021-12-10 02:44:56,290 - IRCServer[4776] - INFO - Received message from Host ID #4 "b'\x00\x00\x00\x00\x04\x00\x00\x00\x07\n\x00\x11lothlorien"The Golden Wood"'"
2021-12-10 02:44:56,297 - IRCServer[4776] - INFO - Sending message to Host ID #6 "b'\x00\x00\x00\x00\n\x00\x00\x00\x04\t\x00\x16osgiliath"Citadel of the Stars"'"
2021-12-10 02:44:56,298 - IRCServer[4776] - INFO - Received message from Host ID #2 "b'\x00\x00\x00\x00\x02\x00\x00\x00\x07\t\x00\x0frivendale"Elronds House"'"
2021-12-10 02:44:56,308 - IRCServer[4776] - INFO - Received message from Host ID #10 "b'\x00\x00\x00\x00\n\x00\x00\x00\x04\t\x00\x16osgiliath"Citadel of the Stars"'"
2021-12-10 02:44:56,309 - IRCServer[4776] - INFO - Received message from Host ID #10 "b'\x00\x00\x00\x00\n\x00\x00\x00\x04\t\x00\x16osgiliath"Citadel of the Stars"'"
2021-12-10 02:44:56,309 - IRCServer[4776] - INFO - Received message from Host ID #1 "b'\x00\x00\x00\x00\x01\x00\x00\x00\x07\x08\x00\x15theshire"Home of the Hobbits"'"
2021-12-10 02:44:56,315 - IRCServer[4776] - INFO - Sending message to Host ID #9 "b'\x00\x00\x00\x00\n\x00\x00\x00\x06\t\x00\x16osgiliath"Citadel of the Stars"'"
2021-12-10 02:44:56,316 - IRCServer[4776] - INFO - Sending message to Host ID #1 "b'\x00\x00\x00\x00\n\x00\x00\x00\x02\t\x00\x16osgiliath"Citadel of the Stars"'"
2021-12-10 02:44:56,316 - IRCServer[4776] - INFO - Received message from Host ID #101 "b'\x80\x00\x00\x00e\x00\x00\x00\x07\x0c\x00\x0bfrodobaggins"Test info"'"
2021-12-10 02:44:56,323 - IRCServer[4776] - INFO - Received message from Host ID #10 "b'\x00\x00\x00\x00\n\x00\x00\x00\x06\t\x00\x16osgiliath"Citadel of the Stars"'"
2021-12-10 02:44:56,323 - IRCServer[4776] - INFO - Sending message to Host ID #5 "b'\x00\x00\x00\x00\n\x00\x00\x00\x02\t\x00\x16osgiliath"Citadel of the Stars"'"
2021-12-10 02:44:56,325 - IRCServer[4776] - INFO - Received message from Host ID #3 "b'\x00\x00\x00\x00\x03\x00\x00\x00\x07\x0b\x00\x1cgrey_havens"Gates to the Blessed Realm"'"
2021-12-10 02:44:56,332 - IRCServer[4776] - INFO - Sending message to Host ID #8 "b'\x00\x00\x00\x00\n\x00\x00\x00\x02\t\x00\x16osgiliath"Citadel of the Stars"'"
2021-12-10 02:44:56,333 - IRCServer[4776] - INFO - Received message from Host ID #102 "b'\x80\x00\x00\x00f\x00\x00\x00\x07\t\x00\x0bsamgamgee"Test info"'"
2021-12-10 02:44:56,339 - IRCServer[4776] - INFO - Received message from Host ID #10 "b'\x00\x00\x00\x00\n\x00\x00\x00\x02\t\x00\x16osgiliath"Citadel of the Stars"'"
2021-12-10 02:44:56,340 - IRCServer[4776] - INFO - Received message from Host ID #103 "b'\x80\x00\x00\x00g\x00\x00\x00\x07\x06\x00\x0belrond"Test info"'"
2021-12-10 02:44:56,340 - IRCServer[4776] - INFO - Received message from Host ID #10 "b'\x00\x00\x00\x00\n\x00\x00\x00\x02\t\x00\x16osgiliath"Citadel of the Stars"'"
2021-12-10 02:44:56,341 - IRCServer[4776] - INFO - Received message from Host ID #10 "b'\x00\x00\x00\x00\n\x00\x00\x00\x02\t\x00\x16osgiliath"Citadel of the Stars"'"
2021-12-10 02:44:56,363 - IRCServer[4776] - INFO - Received message from Host ID #104 "b'\x80\x00\x00\x00h\x00\x00\x00\x07\x0c\x00\x0bbilbobaggins"Test info"'"
2021-12-10 02:44:56,363 - IRCServer[4776] - INFO - Sending message to Host ID #3 "b'\x00\x00\x00\x00\n\x00\x00\x00\x01\t\x00\x16osgiliath"Citadel of the Stars"'"
2021-12-10 02:44:56,374 - IRCServer[4776] - INFO - Received message from Host ID #5 "b'\x00\x00\x00\x00\x05\x00\x00\x00\x07\x05\x00\x0fmoria"The Black Pit"'"
2021-12-10 02:44:56,376 - IRCServer[4776] - INFO - Received message from Host ID #10 "b'\x00\x00\x00\x00\n\x00\x00\x00\x01\t\x00\x16osgiliath"Citadel of the Stars"'"
2021-12-10 02:44:56,382 - IRCServer[4776] - INFO - Received message from Host ID #6 "b'\x00\x00\x00\x00\x06\x00\x00\x00\x07\x06\x00%edoras"Home of the Golden Hall of Meduseld"'"
2021-12-10 02:44:56,388 - IRCServer[4776] - INFO - Received message from Host ID #105 "b'\x80\x00\x00\x00i\x00\x00\x00\x07\x08\x00\x0bperegrin"Test info"'"
2021-12-10 02:44:56,395 - IRCServer[4776] - INFO - Received message from Host ID #8 "b'\x00\x00\x00\x00\x08\x00\x00\x00\x07\x08\x00\x15mirkwood"Wood of Greenleaves"'"
2021-12-10 02:44:56,402 - IRCServer[4776] - INFO - Received message from Host ID #106 "b'\x80\x00\x00\x00j\x00\x00\x00\x07\x08\x00\x0bmeriadoc"Test info"'"
2021-12-10 02:44:56,412 - IRCServer[4776] - INFO - Received message from Host ID #9 "b'\x00\x00\x00\x00\t\x00\x00\x00\x07\x08\x00\x1disengard"Angrenost, The Iron Fortres"'"
2021-12-10 02:44:57,241 - IRCServer[4776] - INFO - Launching server barad-dur...
2021-12-10 02:44:57,257 - IRCServer[4776] - INFO - Configuring the server socket...
2021-12-10 02:44:57,268 - IRCServer[4776] - INFO - Connecting to remote server minastirith:33407...
2021-12-10 02:44:57,280 - IRCServer[4776] - INFO - Listening for new connections on port 33411
2021-12-10 02:44:57,288 - IRCServer[4776] - INFO - Received message from Host ID #11 "b'\x00\x00\x00\x00\x0b\x00\x00\x00\x00\t\x00\x10barad-dur"The Dark Tower"'"
2021-12-10 02:44:57,296 - IRCServer[4776] - INFO - Sending message to Host ID #4 "b'\x00\x00\x00\x00\x0b\x00\x00\x00\x07\t\x00\x10barad-dur"The Dark Tower"'"
2021-12-10 02:44:57,308 - IRCServer[4776] - INFO - Sending message to Host ID #10 "b'\x00\x00\x00\x00\x0b\x00\x00\x00\x07\t\x00\x10barad-dur"The Dark Tower"'"
2021-12-10 02:44:57,317 - IRCServer[4776] - INFO - Received message from Host ID #11 "b'\x00\x00\x00\x00\x0b\x00\x00\x00\x07\t\x00\x10barad-dur"The Dark Tower"'"
2021-12-10 02:44:57,318 - IRCServer[4776] - INFO - Received message from Host ID #11 "b'\x00\x00\x00\x00\x0b\x00\x00\x00\x07\t\x00\x10barad-dur"The Dark Tower"'"
2021-12-10 02:44:57,318 - IRCServer[4776] - INFO - Received message from Host ID #7 "b'\x00\x00\x00\x00\x07\x00\x00\x00\x0b\x0b\x00\x10minastirith"Tower of Guard"'"
2021-12-10 02:44:57,325 - IRCServer[4776] - INFO - Sending message to Host ID #2 "b'\x00\x00\x00\x00\x0b\x00\x00\x00\x04\t\x00\x10barad-dur"The Dark Tower"'"
2021-12-10 02:44:57,327 - IRCServer[4776] - INFO - Received message from Host ID #4 "b'\x00\x00\x00\x00\x04\x00\x00\x00\x07\n\x00\x11lothlorien"The Golden Wood"'"
2021-12-10 02:44:57,334 - IRCServer[4776] - INFO - Sending message to Host ID #6 "b'\x00\x00\x00\x00\x0b\x00\x00\x00\x04\t\x00\x10barad-dur"The Dark Tower"'"
2021-12-10 02:44:57,336 - IRCServer[4776] - INFO - Received message from Host ID #2 "b'\x00\x00\x00\x00\x02\x00\x00\x00\x07\t\x00\x0frivendale"Elronds House"'"
2021-12-10 02:44:57,345 - IRCServer[4776] - INFO - Received message from Host ID #11 "b'\x00\x00\x00\x00\x0b\x00\x00\x00\x04\t\x00\x10barad-dur"The Dark Tower"'"
2021-12-10 02:44:57,346 - IRCServer[4776] - INFO - Received message from Host ID #11 "b'\x00\x00\x00\x00\x0b\x00\x00\x00\x04\t\x00\x10barad-dur"The Dark Tower"'"
2021-12-10 02:44:57,347 - IRCServer[4776] - INFO - Received message from Host ID #1 "b'\x00\x00\x00\x00\x01\x00\x00\x00\x07\x08\x00\x15theshire"Home of the Hobbits"'"
2021-12-10 02:44:57,354 - IRCServer[4776] - INFO - Sending message to Host ID #9 "b'\x00\x00\x00\x00\x0b\x00\x00\x00\x06\t\x00\x10barad-dur"The Dark Tower"'"
2021-12-10 02:44:57,355 - IRCServer[4776] - INFO - Sending message to Host ID #1 "b'\x00\x00\x00\x00\x0b\x00\x00\x00\x02\t\x00\x10barad-dur"The Dark Tower"'"
2021-12-10 02:44:57,357 - IRCServer[4776] - INFO - Received message from Host ID #101 "b'\x80\x00\x00\x00e\x00\x00\x00\x07\x0c\x00\x0bfrodobaggins"Test info"'"
2021-12-10 02:44:57,370 - IRCServer[4776] - INFO - Sending message to Host ID #5 "b'\x00\x00\x00\x00\x0b\x00\x00\x00\x02\t\x00\x10barad-dur"The Dark Tower"'"
2021-12-10 02:44:57,372 - IRCServer[4776] - INFO - Received message from Host ID #11 "b'\x00\x00\x00\x00\x0b\x00\x00\x00\x06\t\x00\x10barad-dur"The Dark Tower"'"
2021-12-10 02:44:57,373 - IRCServer[4776] - INFO - Received message from Host ID #3 "b'\x00\x00\x00\x00\x03\x00\x00\x00\x07\x0b\x00\x1cgrey_havens"Gates to the Blessed Realm"'"
2021-12-10 02:44:57,381 - IRCServer[4776] - INFO - Sending message to Host ID #8 "b'\x00\x00\x00\x00\x0b\x00\x00\x00\x02\t\x00\x10barad-dur"The Dark Tower"'"
2021-12-10 02:44:57,384 - IRCServer[4776] - INFO - Received message from Host ID #102 "b'\x80\x00\x00\x00f\x00\x00\x00\x07\t\x00\x0bsamgamgee"Test info"'"
2021-12-10 02:44:57,390 - IRCServer[4776] - INFO - Received message from Host ID #11 "b'\x00\x00\x00\x00\x0b\x00\x00\x00\x02\t\x00\x10barad-dur"The Dark Tower"'"
2021-12-10 02:44:57,391 - IRCServer[4776] - INFO - Received message from Host ID #11 "b'\x00\x00\x00\x00\x0b\x00\x00\x00\x02\t\x00\x10barad-dur"The Dark Tower"'"
2021-12-10 02:44:57,391 - IRCServer[4776] - INFO - Received message from Host ID #11 "b'\x00\x00\x00\x00\x0b\x00\x00\x00\x02\t\x00\x10barad-dur"The Dark Tower"'"
2021-12-10 02:44:57,395 - IRCServer[4776] - INFO - Received message from Host ID #103 "b'\x80\x00\x00\x00g\x00\x00\x00\x07\x06\x00\x0belrond"Test info"'"
2021-12-10 02:44:57,403 - IRCServer[4776] - INFO - Sending message to Host ID #3 "b'\x00\x00\x00\x00\x0b\x00\x00\x00\x01\t\x00\x10barad-dur"The Dark Tower"'"
2021-12-10 02:44:57,405 - IRCServer[4776] - INFO - Received message from Host ID #104 "b'\x80\x00\x00\x00h\x00\x00\x00\x07\x0c\x00\x0bbilbobaggins"Test info"'"
2021-12-10 02:44:57,412 - IRCServer[4776] - INFO - Received message from Host ID #11 "b'\x00\x00\x00\x00\x0b\x00\x00\x00\x01\t\x00\x10barad-dur"The Dark Tower"'"
2021-12-10 02:44:57,413 - IRCServer[4776] - INFO - Received message from Host ID #5 "b'\x00\x00\x00\x00\x05\x00\x00\x00\x07\x05\x00\x0fmoria"The Black Pit"'"
2021-12-10 02:44:57,421 - IRCServer[4776] - INFO - Received message from Host ID #6 "b'\x00\x00\x00\x00\x06\x00\x00\x00\x07\x06\x00%edoras"Home of the Golden Hall of Meduseld"'"
2021-12-10 02:44:57,434 - IRCServer[4776] - INFO - Received message from Host ID #105 "b'\x80\x00\x00\x00i\x00\x00\x00\x07\x08\x00\x0bperegrin"Test info"'"
2021-12-10 02:44:57,440 - IRCServer[4776] - INFO - Received message from Host ID #8 "b'\x00\x00\x00\x00\x08\x00\x00\x00\x07\x08\x00\x15mirkwood"Wood of Greenleaves"'"
2021-12-10 02:44:57,451 - IRCServer[4776] - INFO - Received message from Host ID #106 "b'\x80\x00\x00\x00j\x00\x00\x00\x07\x08\x00\x0bmeriadoc"Test info"'"
2021-12-10 02:44:57,459 - IRCServer[4776] - INFO - Received message from Host ID #9 "b'\x00\x00\x00\x00\t\x00\x00\x00\x07\x08\x00\x1disengard"Angrenost, The Iron Fortres"'"
2021-12-10 02:44:57,472 - IRCServer[4776] - INFO - Received message from Host ID #10 "b'\x00\x00\x00\x00\n\x00\x00\x00\x07\t\x00\x16osgiliath"Citadel of the Stars"'"
2021-12-10 02:44:59,250 - IRCServer[4776] - INFO - Launching client balin...
2021-12-10 02:44:59,261 - IRCServer[4776] - INFO - Sending message to b'\x80\x00\x00\x00k\x00\x00\x00\x00\x05\x00\x0bbalin"Test info"'
2021-12-10 02:44:59,274 - IRCServer[4776] - INFO - Received message from Host ID #107 "b'\x80\x00\x00\x00k\x00\x00\x00\x00\x05\x00\x0bbalin"Test info"'"
2021-12-10 02:44:59,282 - IRCServer[4776] - INFO - Sending message to Host ID #2 "b'\x80\x00\x00\x00k\x00\x00\x00\x05\x05\x00\x0bbalin"Test info"'"
2021-12-10 02:44:59,290 - IRCServer[4776] - INFO - Received message from Host ID #107 "b'\x80\x00\x00\x00k\x00\x00\x00\x05\x05\x00\x0bbalin"Test info"'"
2021-12-10 02:44:59,292 - IRCServer[4776] - INFO - Received message from Host ID #5 "b'\x01\x00\x00\x00\x05\x00\x00\x00k\x00\x00\x00\x00\x00/Welcome to the Clemson Relay Chat network balin'"
2021-12-10 02:44:59,301 - IRCServer[4776] - INFO - Sending message to Host ID #1 "b'\x80\x00\x00\x00k\x00\x00\x00\x02\x05\x00\x0bbalin"Test info"'"
2021-12-10 02:44:59,302 - IRCServer[4776] - INFO - Received message from Host ID #101 "b'\x80\x00\x00\x00e\x00\x00\x00\x05\x0c\x00\x0bfrodobaggins"Test info"'"
2021-12-10 02:44:59,317 - IRCServer[4776] - INFO - Sending message to Host ID #4 "b'\x80\x00\x00\x00k\x00\x00\x00\x02\x05\x00\x0bbalin"Test info"'"
2021-12-10 02:44:59,318 - IRCServer[4776] - INFO - Received message from Host ID #102 "b'\x80\x00\x00\x00f\x00\x00\x00\x05\t\x00\x0bsamgamgee"Test info"'"
2021-12-10 02:44:59,325 - IRCServer[4776] - INFO - Sending message to Host ID #8 "b'\x80\x00\x00\x00k\x00\x00\x00\x02\x05\x00\x0bbalin"Test info"'"
2021-12-10 02:44:59,326 - IRCServer[4776] - INFO - Received message from Host ID #103 "b'\x80\x00\x00\x00g\x00\x00\x00\x05\x06\x00\x0belrond"Test info"'"
2021-12-10 02:44:59,336 - IRCServer[4776] - INFO - Sending message to Host ID #103 "b'\x80\x00\x00\x00k\x00\x00\x00\x02\x05\x00\x0bbalin"Test info"'"
2021-12-10 02:44:59,338 - IRCServer[4776] - INFO - Received message from Host ID #104 "b'\x80\x00\x00\x00h\x00\x00\x00\x05\x0c\x00\x0bbilbobaggins"Test info"'"
2021-12-10 02:44:59,345 - IRCServer[4776] - INFO - Received message from Host ID #107 "b'\x80\x00\x00\x00k\x00\x00\x00\x02\x05\x00\x0bbalin"Test info"'"
2021-12-10 02:44:59,346 - IRCServer[4776] - INFO - Received message from Host ID #107 "b'\x80\x00\x00\x00k\x00\x00\x00\x02\x05\x00\x0bbalin"Test info"'"
2021-12-10 02:44:59,346 - IRCServer[4776] - INFO - Received message from Host ID #107 "b'\x80\x00\x00\x00k\x00\x00\x00\x02\x05\x00\x0bbalin"Test info"'"
2021-12-10 02:44:59,347 - IRCServer[4776] - INFO - Received message from Host ID #107 "b'\x80\x00\x00\x00k\x00\x00\x00\x02\x05\x00\x0bbalin"Test info"'"
2021-12-10 02:44:59,347 - IRCServer[4776] - INFO - Received message from Host ID #105 "b'\x80\x00\x00\x00i\x00\x00\x00\x05\x08\x00\x0bperegrin"Test info"'"
2021-12-10 02:44:59,357 - IRCServer[4776] - INFO - Sending message to Host ID #3 "b'\x80\x00\x00\x00k\x00\x00\x00\x01\x05\x00\x0bbalin"Test info"'"
2021-12-10 02:44:59,359 - IRCServer[4776] - INFO - Sending message to Host ID #6 "b'\x80\x00\x00\x00k\x00\x00\x00\x04\x05\x00\x0bbalin"Test info"'"
2021-12-10 02:44:59,362 - IRCServer[4776] - INFO - Received message from Host ID #106 "b'\x80\x00\x00\x00j\x00\x00\x00\x05\x08\x00\x0bmeriadoc"Test info"'"
2021-12-10 02:44:59,369 - IRCServer[4776] - INFO - Sending message to Host ID #101 "b'\x80\x00\x00\x00k\x00\x00\x00\x01\x05\x00\x0bbalin"Test info"'"
2021-12-10 02:44:59,374 - IRCServer[4776] - INFO - Sending message to Host ID #7 "b'\x80\x00\x00\x00k\x00\x00\x00\x04\x05\x00\x0bbalin"Test info"'"
2021-12-10 02:44:59,381 - IRCServer[4776] - INFO - Sending message to Host ID #102 "b'\x80\x00\x00\x00k\x00\x00\x00\x01\x05\x00\x0bbalin"Test info"'"
2021-12-10 02:44:59,384 - IRCServer[4776] - INFO - Received message from Host ID #107 "b'\x80\x00\x00\x00k\x00\x00\x00\x04\x05\x00\x0bbalin"Test info"'"
2021-12-10 02:44:59,385 - IRCServer[4776] - INFO - Received message from Host ID #107 "b'\x80\x00\x00\x00k\x00\x00\x00\x04\x05\x00\x0bbalin"Test info"'"
2021-12-10 02:44:59,390 - IRCServer[4776] - INFO - Received message from Host ID #107 "b'\x80\x00\x00\x00k\x00\x00\x00\x01\x05\x00\x0bbalin"Test info"'"
2021-12-10 02:44:59,391 - IRCServer[4776] - INFO - Received message from Host ID #107 "b'\x80\x00\x00\x00k\x00\x00\x00\x01\x05\x00\x0bbalin"Test info"'"
2021-12-10 02:44:59,393 - IRCServer[4776] - INFO - Received message from Host ID #107 "b'\x80\x00\x00\x00k\x00\x00\x00\x01\x05\x00\x0bbalin"Test info"'"
2021-12-10 02:44:59,396 - IRCServer[4776] - INFO - Sending message to Host ID #10 "b'\x80\x00\x00\x00k\x00\x00\x00\x07\x05\x00\x0bbalin"Test info"'"
2021-12-10 02:44:59,400 - IRCServer[4776] - INFO - Sending message to Host ID #9 "b'\x80\x00\x00\x00k\x00\x00\x00\x06\x05\x00\x0bbalin"Test info"'"
2021-12-10 02:44:59,410 - IRCServer[4776] - INFO - Sending message to Host ID #104 "b'\x80\x00\x00\x00k\x00\x00\x00\x03\x05\x00\x0bbalin"Test info"'"
2021-12-10 02:44:59,410 - IRCServer[4776] - INFO - Sending message to Host ID #11 "b'\x80\x00\x00\x00k\x00\x00\x00\x07\x05\x00\x0bbalin"Test info"'"
2021-12-10 02:44:59,411 - IRCServer[4776] - INFO - Sending message to Host ID #106 "b'\x80\x00\x00\x00k\x00\x00\x00\x06\x05\x00\x0bbalin"Test info"'"
2021-12-10 02:44:59,422 - IRCServer[4776] - INFO - Sending message to Host ID #105 "b'\x80\x00\x00\x00k\x00\x00\x00\x07\x05\x00\x0bbalin"Test info"'"
2021-12-10 02:44:59,423 - IRCServer[4776] - INFO - Received message from Host ID #107 "b'\x80\x00\x00\x00k\x00\x00\x00\x03\x05\x00\x0bbalin"Test info"'"
2021-12-10 02:44:59,424 - IRCServer[4776] - INFO - Received message from Host ID #107 "b'\x80\x00\x00\x00k\x00\x00\x00\x06\x05\x00\x0bbalin"Test info"'"
2021-12-10 02:44:59,425 - IRCServer[4776] - INFO - Received message from Host ID #107 "b'\x80\x00\x00\x00k\x00\x00\x00\x06\x05\x00\x0bbalin"Test info"'"
2021-12-10 02:44:59,435 - IRCServer[4776] - INFO - Received message from Host ID #107 "b'\x80\x00\x00\x00k\x00\x00\x00\x07\x05\x00\x0bbalin"Test info"'"
2021-12-10 02:44:59,435 - IRCServer[4776] - INFO - Received message from Host ID #107 "b'\x80\x00\x00\x00k\x00\x00\x00\x07\x05\x00\x0bbalin"Test info"'"
2021-12-10 02:44:59,436 - IRCServer[4776] - INFO - Received message from Host ID #107 "b'\x80\x00\x00\x00k\x00\x00\x00\x07\x05\x00\x0bbalin"Test info"'"
2021-12-10 02:45:00,263 - IRCServer[4776] - INFO - Launching client sauron...
2021-12-10 02:45:00,272 - IRCServer[4776] - INFO - Sending message to b'\x80\x00\x00\x00l\x00\x00\x00\x00\x06\x00\x0bsauron"Test info"'
2021-12-10 02:45:00,283 - IRCServer[4776] - INFO - Received message from Host ID #108 "b'\x80\x00\x00\x00l\x00\x00\x00\x00\x06\x00\x0bsauron"Test info"'"
2021-12-10 02:45:00,295 - IRCServer[4776] - INFO - Sending message to Host ID #7 "b'\x80\x00\x00\x00l\x00\x00\x00\x0b\x06\x00\x0bsauron"Test info"'"
2021-12-10 02:45:00,305 - IRCServer[4776] - INFO - Received message from Host ID #11 "b'\x01\x00\x00\x00\x0b\x00\x00\x00l\x00\x00\x00\x00\x000Welcome to the Clemson Relay Chat network sauron'"
2021-12-10 02:45:00,305 - IRCServer[4776] - INFO - Received message from Host ID #108 "b'\x80\x00\x00\x00l\x00\x00\x00\x0b\x06\x00\x0bsauron"Test info"'"
2021-12-10 02:45:00,313 - IRCServer[4776] - INFO - Received message from Host ID #101 "b'\x80\x00\x00\x00e\x00\x00\x00\x0b\x0c\x00\x0bfrodobaggins"Test info"'"
2021-12-10 02:45:00,314 - IRCServer[4776] - INFO - Sending message to Host ID #4 "b'\x80\x00\x00\x00l\x00\x00\x00\x07\x06\x00\x0bsauron"Test info"'"
2021-12-10 02:45:00,322 - IRCServer[4776] - INFO - Received message from Host ID #102 "b'\x80\x00\x00\x00f\x00\x00\x00\x0b\t\x00\x0bsamgamgee"Test info"'"
2021-12-10 02:45:00,324 - IRCServer[4776] - INFO - Sending message to Host ID #10 "b'\x80\x00\x00\x00l\x00\x00\x00\x07\x06\x00\x0bsauron"Test info"'"
2021-12-10 02:45:00,332 - IRCServer[4776] - INFO - Received message from Host ID #103 "b'\x80\x00\x00\x00g\x00\x00\x00\x0b\x06\x00\x0belrond"Test info"'"
2021-12-10 02:45:00,334 - IRCServer[4776] - INFO - Sending message to Host ID #105 "b'\x80\x00\x00\x00l\x00\x00\x00\x07\x06\x00\x0bsauron"Test info"'"
2021-12-10 02:45:00,341 - IRCServer[4776] - INFO - Received message from Host ID #104 "b'\x80\x00\x00\x00h\x00\x00\x00\x0b\x0c\x00\x0bbilbobaggins"Test info"'"
2021-12-10 02:45:00,344 - IRCServer[4776] - INFO - Received message from Host ID #108 "b'\x80\x00\x00\x00l\x00\x00\x00\x07\x06\x00\x0bsauron"Test info"'"
2021-12-10 02:45:00,345 - IRCServer[4776] - INFO - Received message from Host ID #108 "b'\x80\x00\x00\x00l\x00\x00\x00\x07\x06\x00\x0bsauron"Test info"'"
2021-12-10 02:45:00,346 - IRCServer[4776] - INFO - Received message from Host ID #108 "b'\x80\x00\x00\x00l\x00\x00\x00\x07\x06\x00\x0bsauron"Test info"'"
2021-12-10 02:45:00,353 - IRCServer[4776] - INFO - Received message from Host ID #105 "b'\x80\x00\x00\x00i\x00\x00\x00\x0b\x08\x00\x0bperegrin"Test info"'"
2021-12-10 02:45:00,360 - IRCServer[4776] - INFO - Sending message to Host ID #2 "b'\x80\x00\x00\x00l\x00\x00\x00\x04\x06\x00\x0bsauron"Test info"'"
2021-12-10 02:45:00,366 - IRCServer[4776] - INFO - Received message from Host ID #106 "b'\x80\x00\x00\x00j\x00\x00\x00\x0b\x08\x00\x0bmeriadoc"Test info"'"
2021-12-10 02:45:00,371 - IRCServer[4776] - INFO - Sending message to Host ID #6 "b'\x80\x00\x00\x00l\x00\x00\x00\x04\x06\x00\x0bsauron"Test info"'"
2021-12-10 02:45:00,375 - IRCServer[4776] - INFO - Received message from Host ID #107 "b'\x80\x00\x00\x00k\x00\x00\x00\x0b\x05\x00\x0bbalin"Test info"'"
2021-12-10 02:45:00,385 - IRCServer[4776] - INFO - Received message from Host ID #108 "b'\x80\x00\x00\x00l\x00\x00\x00\x04\x06\x00\x0bsauron"Test info"'"
2021-12-10 02:45:00,385 - IRCServer[4776] - INFO - Received message from Host ID #108 "b'\x80\x00\x00\x00l\x00\x00\x00\x04\x06\x00\x0bsauron"Test info"'"
2021-12-10 02:45:00,392 - IRCServer[4776] - INFO - Sending message to Host ID #9 "b'\x80\x00\x00\x00l\x00\x00\x00\x06\x06\x00\x0bsauron"Test info"'"
2021-12-10 02:45:00,395 - IRCServer[4776] - INFO - Sending message to Host ID #1 "b'\x80\x00\x00\x00l\x00\x00\x00\x02\x06\x00\x0bsauron"Test info"'"
2021-12-10 02:45:00,404 - IRCServer[4776] - INFO - Sending message to Host ID #106 "b'\x80\x00\x00\x00l\x00\x00\x00\x06\x06\x00\x0bsauron"Test info"'"
2021-12-10 02:45:00,407 - IRCServer[4776] - INFO - Sending message to Host ID #5 "b'\x80\x00\x00\x00l\x00\x00\x00\x02\x06\x00\x0bsauron"Test info"'"
2021-12-10 02:45:00,413 - IRCServer[4776] - INFO - Received message from Host ID #108 "b'\x80\x00\x00\x00l\x00\x00\x00\x06\x06\x00\x0bsauron"Test info"'"
2021-12-10 02:45:00,414 - IRCServer[4776] - INFO - Received message from Host ID #108 "b'\x80\x00\x00\x00l\x00\x00\x00\x06\x06\x00\x0bsauron"Test info"'"
2021-12-10 02:45:00,420 - IRCServer[4776] - INFO - Sending message to Host ID #8 "b'\x80\x00\x00\x00l\x00\x00\x00\x02\x06\x00\x0bsauron"Test info"'"
2021-12-10 02:45:00,429 - IRCServer[4776] - INFO - Sending message to Host ID #103 "b'\x80\x00\x00\x00l\x00\x00\x00\x02\x06\x00\x0bsauron"Test info"'"
2021-12-10 02:45:00,437 - IRCServer[4776] - INFO - Received message from Host ID #108 "b'\x80\x00\x00\x00l\x00\x00\x00\x02\x06\x00\x0bsauron"Test info"'"
2021-12-10 02:45:00,438 - IRCServer[4776] - INFO - Received message from Host ID #108 "b'\x80\x00\x00\x00l\x00\x00\x00\x02\x06\x00\x0bsauron"Test info"'"
2021-12-10 02:45:00,438 - IRCServer[4776] - INFO - Received message from Host ID #108 "b'\x80\x00\x00\x00l\x00\x00\x00\x02\x06\x00\x0bsauron"Test info"'"
2021-12-10 02:45:00,438 - IRCServer[4776] - INFO - Received message from Host ID #108 "b'\x80\x00\x00\x00l\x00\x00\x00\x02\x06\x00\x0bsauron"Test info"'"
2021-12-10 02:45:00,450 - IRCServer[4776] - INFO - Sending message to Host ID #3 "b'\x80\x00\x00\x00l\x00\x00\x00\x01\x06\x00\x0bsauron"Test info"'"
2021-12-10 02:45:00,451 - IRCServer[4776] - INFO - Sending message to Host ID #107 "b'\x80\x00\x00\x00l\x00\x00\x00\x05\x06\x00\x0bsauron"Test info"'"
2021-12-10 02:45:00,461 - IRCServer[4776] - INFO - Sending message to Host ID #101 "b'\x80\x00\x00\x00l\x00\x00\x00\x01\x06\x00\x0bsauron"Test info"'"
2021-12-10 02:45:00,462 - IRCServer[4776] - INFO - Received message from Host ID #108 "b'\x80\x00\x00\x00l\x00\x00\x00\x05\x06\x00\x0bsauron"Test info"'"
2021-12-10 02:45:00,474 - IRCServer[4776] - INFO - Sending message to Host ID #102 "b'\x80\x00\x00\x00l\x00\x00\x00\x01\x06\x00\x0bsauron"Test info"'"
2021-12-10 02:45:00,482 - IRCServer[4776] - INFO - Received message from Host ID #108 "b'\x80\x00\x00\x00l\x00\x00\x00\x01\x06\x00\x0bsauron"Test info"'"
2021-12-10 02:45:00,482 - IRCServer[4776] - INFO - Received message from Host ID #108 "b'\x80\x00\x00\x00l\x00\x00\x00\x01\x06\x00\x0bsauron"Test info"'"
2021-12-10 02:45:00,485 - IRCServer[4776] - INFO - Received message from Host ID #108 "b'\x80\x00\x00\x00l\x00\x00\x00\x01\x06\x00\x0bsauron"Test info"'"
2021-12-10 02:45:00,496 - IRCServer[4776] - INFO - Sending message to Host ID #104 "b'\x80\x00\x00\x00l\x00\x00\x00\x03\x06\x00\x0bsauron"Test info"'"
2021-12-10 02:45:00,507 - IRCServer[4776] - INFO - Received message from Host ID #108 "b'\x80\x00\x00\x00l\x00\x00\x00\x03\x06\x00\x0bsauron"Test info"'"
2021-12-10 02:45:02,770 - IRCServer[4776] - INFO - Server has disconnected!
2021-12-10 02:45:02,774 - IRCServer[4776] - INFO - Server has disconnected!
2021-12-10 02:45:02,775 - IRCServer[4776] - INFO - Server has disconnected!
2021-12-10 02:45:02,780 - IRCServer[4776] - INFO - Server has disconnected!
2021-12-10 02:45:02,783 - IRCServer[4776] - INFO - Server has disconnected!
2021-12-10 02:45:02,785 - IRCServer[4776] - INFO - Server has disconnected!
2021-12-10 02:45:02,787 - IRCServer[4776] - INFO - Server has disconnected!
2021-12-10 02:45:03,112 - IRCServer[4776] - INFO - Server has disconnected!
