2021-12-10 02:44:56,223 - IRCServer[4776] - INFO - Launching server osgiliath...
2021-12-10 02:44:56,234 - IRCServer[4776] - INFO - Configuring the server socket...
2021-12-10 02:44:56,242 - IRCServer[4776] - INFO - Connecting to remote server minastirith:33407...
2021-12-10 02:44:56,253 - IRCServer[4776] - INFO - Listening for new connections on port 33410
2021-12-10 02:44:56,260 - IRCServer[4776] - INFO - Received message from Host ID #10 "b'\x00\x00\x00\x00\n\x00\x00\x00\x00\t\x00\x16osgiliath"Citadel of the Stars"'"
2021-12-10 02:44:56,268 - IRCServer[4776] - INFO - Sending message to Host ID #4 "b'\x00\x00\x00\x00\n\x00\x00\x00\x07\t\x00\x16osgiliath"Citadel of the Stars"'"
2021-12-10 02:44:56,278 - IRCServer[4776] - INFO - Received message from Host ID #10 "b'\x00\x00\x00\x00\n\x00\x00\x00\x07\t\x00\x16osgiliath"Citadel of the Stars"'"
2021-12-10 02:44:56,278 - IRCServer[4776] - INFO - Received message from Host ID #7 "b'\x00\x00\x00\x00\x07\x00\x00\x00\n\x0b\x00\x10minastirith"Tower of Guard"'"
2021-12-10 02:44:56,287 - IRCServer[4776] - INFO - Sending message to Host ID #2 "b'\x00\x00\x00\x00\n\x00\x00\x00\x04\t\x00\x16osgiliath"Citadel of the Stars"'"
2021-12-10 02:44:56,290 - IRCServer[4776] - INFO - Received message from Host ID #4 "b'\x00\x00\x00\x00\x04\x00\x00\x00\x07\n\x00\x11lothlorien"The Golden Wood"'"
2021-12-10 02:44:56,297 - IRCServer[4776] - INFO - Sending message to Host ID #6 "b'\x00\x00\x00\x00\n\x00\x00\x00\x04\t\x00\x16osgiliath"Citadel of the Stars"'"
2021-12-10 02:44:56,298 - IRCServer[4776] - INFO - Received message from Host ID #2 "b'\x00\x00\x00\x00\x02\x00\x00\x00\x07\t\x00\x0frivendale"Elronds House"'"
2021-12-10 02:44:56,308 - IRCServer[4776] - INFO - Received message from Host ID #10 "b'\x00\x00\x00\x00\n\x00\x00\x00\x04\t\x00\x16osgiliath"Citadel of the Stars"'"
2021-12-10 02:44:56,309 - IRCServer[4776] - INFO - Received message from Host ID #10 "b'\x00\x00\x00\x00\n\x00\x00\x00\x04\t\x00\x16osgiliath"Citadel of the Stars"'"
2021-12-10 02:44:56,309 - IRCServer[4776] - INFO - Received message from Host ID #1 "b'\x00\x00\x00\x00\x01\x00\x00\x00\x07\x08\x00\x15theshire"Home of the Hobbits"'"
2021-12-10 02:44:56,315 - IRCServer[4776] - INFO - Sending message to Host ID #9 "b'\x00\x00\x00\x00\n\x00\x00\x00\x06\t\x00\x16osgiliath"Citadel of the Stars"'"
2021-12-10 02:44:56,316 - IRCServer[4776] - INFO - Sending message to Host ID #1 "b'\x00\x00\x00\x00\n\x00\x00\x00\x02\t\x00\x16osgiliath"Citadel of the Stars"'"
2021-12-10 02:44:56,316 - IRCServer[4776] - INFO - Received message from Host ID #101 "b'\x80\x00\x00\x00e\x00\x00\x00\x07\x0c\x00\x0bfrodobaggins"Test info"'"
2021-12-10 02:44:56,323 - IRCServer[4776] - INFO - Received message from Host ID #10 "b'\x00\x00\x00\x00\n\x00\x00\x00\x06\t\x00\x16osgiliath"Citadel of the Stars"'"
2021-12-10 02:44:56,323 - IRCServer[4776] - INFO - Sending message to Host ID #5 "b'\x00\x00\x00\x00\n\x00\x00\x00\x02\t\x00\x16osgiliath"Citadel of the Stars"'"
2021-12-10 02:44:56,325 - IRCServer[4776] - INFO - Received message from Host ID #3 "b'\x00\x00\x00\x00\x03\x00\x00\x00\x07\x0b\x00\x1cgrey_havens"Gates to the Blessed Realm"'"
2021-12-10 02:44:56,332 - IRCServer[4776] - INFO - Sending message to Host ID #8 "b'\x00\x00\x00\x00\n\x00\x00\x00\x02\t\x00\x16osgiliath"Citadel of the Stars"'"
2021-12-10 02:44:56,333 - IRCServer[4776] - INFO - Received message from Host ID #102 "b'\x80\x00\x00\x00f\x00\x00\x00\x07\t\x00\x0bsamgamgee"Test info"'"
2021-12-10 02:44:56,339 - IRCServer[4776] - INFO - Received message from Host ID #10 "b'\x00\x00\x00\x00\n\x00\x00\x00\x02\t\x00\x16osgiliath"Citadel of the Stars"'"
2021-12-10 02:44:56,340 - IRCServer[4776] - INFO - Received message from Host ID #103 "b'\x80\x00\x00\x00g\x00\x00\x00\x07\x06\x00\x0belrond"Test info"'"
2021-12-10 02:44:56,340 - IRCServer[4776] - INFO - Received message from Host ID #10 "b'\x00\x00\x00\x00\n\x00\x00\x00\x02\t\x00\x16osgiliath"Citadel of the Stars"'"
2021-12-10 02:44:56,341 - IRCServer[4776] - INFO - Received message from Host ID #10 "b'\x00\x00\x00\x00\n\x00\x00\x00\x02\t\x00\x16osgiliath"Citadel of the Stars"'"
2021-12-10 02:44:56,363 - IRCServer[4776] - INFO - Received message from Host ID #104 "b'\x80\x00\x00\x00h\x00\x00\x00\x07\x0c\x00\x0bbilbobaggins"Test info"'"
2021-12-10 02:44:56,363 - IRCServer[4776] - INFO - Sending message to Host ID #3 "b'\x00\x00\x00\x00\n\x00\x00\x00\x01\t\x00\x16osgiliath"Citadel of the Stars"'"
2021-12-10 02:44:56,374 - IRCServer[4776] - INFO - Received message from Host ID #5 "b'\x00\x00\x00\x00\x05\x00\x00\x00\x07\x05\x00\x0fmoria"The Black Pit"'"
2021-12-10 02:44:56,376 - IRCServer[4776] - INFO - Received message from Host ID #10 "b'\x00\x00\x00\x00\n\x00\x00\x00\x01\t\x00\x16osgiliath"Citadel of the Stars"'"
2021-12-10 02:44:56,382 - IRCServer[4776] - INFO - Received message from Host ID #6 "b'\x00\x00\x00\x00\x06\x00\x00\x00\x07\x06\x00%edoras"Home of the Golden Hall of Meduseld"'"
2021-12-10 02:44:56,388 - IRCServer[4776] - INFO - Received message from Host ID #105 "b'\x80\x00\x00\x00i\x00\x00\x00\x07\x08\x00\x0bperegrin"Test info"'"
2021-12-10 02:44:56,395 - IRCServer[4776] - INFO - Received message from Host ID #8 "b'\x00\x00\x00\x00\x08\x00\x00\x00\x07\x08\x00\x15mirkwood"Wood of Greenleaves"'"
2021-12-10 02:44:56,402 - IRCServer[4776] - INFO - Received message from Host ID #106 "b'\x80\x00\x00\x00j\x00\x00\x00\x07\x08\x00\x0bmeriadoc"Test info"'"
2021-12-10 02:44:56,412 - IRCServer[4776] - INFO - Received message from Host ID #9 "b'\x00\x00\x00\x00\t\x00\x00\x00\x07\x08\x00\x1disengard"Angrenost, The Iron Fortres"'"
2021-12-10 02:44:57,241 - IRCServer[4776] - INFO - Launching server barad-dur...
2021-12-10 02:44:57,257 - IRCServer[4776] - INFO - Configuring the server socket...
2021-12-10 02:44:57,268 - IRCServer[4776] - INFO - Connecting to remote server minastirith:33407...
2021-12-10 02:44:57,280 - IRCServer[4776] - INFO - Listening for new connections on port 33411
2021-12-10 02:44:57,288 - IRCServer[4776] - INFO - Received message from Host ID #11 "b'\x00\x00\x00\x00\x0b\x00\x00\x00\x00\t\x00\x10barad-dur"The Dark Tower"'"
2021-12-10 02:44:57,296 - IRCServer[4776] - INFO - Sending message to Host ID #4 "b'\x00\x00\x00\x00\x0b\x00\x00\x00\x07\t\x00\x10barad-dur"The Dark Tower"'"
2021-12-10 02:44:57,308 - IRCServer[4776] - INFO - Sending message to Host ID #10 "b'\x00\x00\x00\x00\x0b\x00\x00\x00\x07\t\x00\x10barad-dur"The Dark Tower"'"
2021-12-10 02:44:57,317 - IRCServer[4776] - INFO - Received message from Host ID #11 "b'\x00\x00\x00\x00\x0b\x00\x00\x00\x07\t\x00\x10barad-dur"The Dark Tower"'"
2021-12-10 02:44:57,318 - IRCServer[4776] - INFO - Received message from Host ID #11 "b'\x00\x00\x00\x00\x0b\x00\x00\x00\x07\t\x00\x10barad-dur"The Dark Tower"'"
2021-12-10 02:44:57,318 - IRCServer[4776] - INFO - Received message from Host ID #7 "b'\x00\x00\x00\x00\x07\x00\x00\x00\x0b\x0b\x00\x10minastirith"Tower of Guard"'"
2021-12-10 02:44:57,325 - IRCServer[4776] - INFO - Sending message to Host ID #2 "b'\x00\x00\x00\x00\x0b\x00\x00\x00\x04\t\x00\x10barad-dur"The Dark Tower"'"
2021-12-10 02:44:57,327 - IRCServer[4776] - INFO - Received message from Host ID #4 "b'\x00\x00\x00\x00\x04\x00\x00\x00\x07\n\x00\x11lothlorien"The Golden Wood"'"
2021-12-10 02:44:57,334 - IRCServer[4776] - INFO - Sending message to Host ID #6 "b'\x00\x00\x00\x00\x0b\x00\x00\x00\x04\t\x00\x10barad-dur"The Dark Tower"'"
2021-12-10 02:44:57,336 - IRCServer[4776] - INFO - Received message from Host ID #2 "b'\x00\x00\x00\x00\x02\x00\x00\x00\x07\t\x00\x0frivendale"Elronds House"'"
2021-12-10 02:44:57,345 - IRCServer[4776] - INFO - Received message from Host ID #11 "b'\x00\x00\x00\x00\x0b\x00\x00\x00\x04\t\x00\x10barad-dur"The Dark Tower"'"
2021-12-10 02:44:57,346 - IRCServer[4776] - INFO - Received message from Host ID #11 "b'\x00\x00\x00\x00\x0b\x00\x00\x00\x04\t\x00\x10barad-dur"The Dark Tower"'"
2021-12-10 02:44:57,347 - IRCServer[4776] - INFO - Received message from Host ID #1 "b'\x00\x00\x00\x00\x01\x00\x00\x00\x07\x08\x00\x15theshire"Home of the Hobbits"'"
2021-12-10 02:44:57,354 - IRCServer[4776] - INFO - Sending message to Host ID #9 "b'\x00\x00\x00\x00\x0b\x00\x00\x00\x06\t\x00\x10barad-dur"The Dark Tower"'"
2021-12-10 02:44:57,355 - IRCServer[4776] - INFO - Sending message to Host ID #1 "b'\x00\x00\x00\x00\x0b\x00\x00\x00\x02\t\x00\x10barad-dur"The Dark Tower"'"
2021-12-10 02:44:57,357 - IRCServer[4776] - INFO - Received message from Host ID #101 "b'\x80\x00\x00\x00e\x00\x00\x00\x07\x0c\x00\x0bfrodobaggins"Test info"'"
2021-12-10 02:44:57,370 - IRCServer[4776] - INFO - Sending message to Host ID #5 "b'\x00\x00\x00\x00\x0b\x00\x00\x00\x02\t\x00\x10barad-dur"The Dark Tower"'"
2021-12-10 02:44:57,372 - IRCServer[4776] - INFO - Received message from Host ID #11 "b'\x00\x00\x00\x00\x0b\x00\x00\x00\x06\t\x00\x10barad-dur"The Dark Tower"'"
2021-12-10 02:44:57,373 - IRCServer[4776] - INFO - Received message from Host ID #3 "b'\x00\x00\x00\x00\x03\x00\x00\x00\x07\x0b\x00\x1cgrey_havens"Gates to the Blessed Realm"'"
2021-12-10 02:44:57,381 - IRCServer[4776] - INFO - Sending message to Host ID #8 "b'\x00\x00\x00\x00\x0b\x00\x00\x00\x02\t\x00\x10barad-dur"The Dark Tower"'"
2021-12-10 02:44:57,384 - IRCServer[4776] - INFO - Received message from Host ID #102 "b'\x80\x00\x00\x00f\x00\x00\x00\x07\t\x00\x0bsamgamgee"Test info"'"
2021-12-10 02:44:57,390 - IRCServer[4776] - INFO - Received message from Host ID #11 "b'\x00\x00\x00\x00\x0b\x00\x00\x00\x02\t\x00\x10barad-dur"The Dark Tower"'"
2021-12-10 02:44:57,391 - IRCServer[4776] - INFO - Received message from Host ID #11 "b'\x00\x00\x00\x00\x0b\x00\x00\x00\x02\t\x00\x10barad-dur"The Dark Tower"'"
2021-12-10 02:44:57,391 - IRCServer[4776] - INFO - Received message from Host ID #11 "b'\x00\x00\x00\x00\x0b\x00\x00\x00\x02\t\x00\x10barad-dur"The Dark Tower"'"
2021-12-10 02:44:57,395 - IRCServer[4776] - INFO - Received message from Host ID #103 "b'\x80\x00\x00\x00g\x00\x00\x00\x07\x06\x00\x0belrond"Test info"'"
2021-12-10 02:44:57,403 - IRCServer[4776] - INFO - Sending message to Host ID #3 "b'\x00\x00\x00\x00\x0b\x00\x00\x00\x01\t\x00\x10barad-dur"The Dark Tower"'"
2021-12-10 02:44:57,405 - IRCServer[4776] - INFO - Received message from Host ID #104 "b'\x80\x00\x00\x00h\x00\x00\x00\x07\x0c\x00\x0bbilbobaggins"Test info"'"
2021-12-10 02:44:57,412 - IRCServer[4776] - INFO - Received message from Host ID #11 "b'\x00\x00\x00\x00\x0b\x00\x00\x00\x01\t\x00\x10barad-dur"The Dark Tower"'"
2021-12-10 02:44:57,413 - IRCServer[4776] - INFO - Received message from Host ID #5 "b'\x00\x00\x00\x00\x05\x00\x00\x00\x07\x05\x00\x0fmoria"The Black Pit"'"
2021-12-10 02:44:57,421 - IRCServer[4776] - INFO - Received message from Host ID #6 "b'\x00\x00\x00\x00\x06\x00\x00\x00\x07\x06\x00%edoras"Home of the Golden Hall of Meduseld"'"
2021-12-10 02:44:57,434 - IRCServer[4776] - INFO - Received message from Host ID #105 "b'\x80\x00\x00\x00i\x00\x00\x00\x07\x08\x00\x0bperegrin"Test info"'"
2021-12-10 02:44:57,440 - IRCServer[4776] - INFO - Received message from Host ID #8 "b'\x00\x00\x00\x00\x08\x00\x00\x00\x07\x08\x00\x15mirkwood"Wood of Greenleaves"'"
2021-12-10 02:44:57,451 - IRCServer[4776] - INFO - Received message from Host ID #106 "b'\x80\x00\x00\x00j\x00\x00\x00\x07\x08\x00\x0bmeriadoc"Test info"'"
2021-12-10 02:44:57,459 - IRCServer[4776] - INFO - Received message from Host ID #9 "b'\x00\x00\x00\x00\t\x00\x00\x00\x07\x08\x00\x1disengard"Angrenost, The Iron Fortres"'"
2021-12-10 02:44:57,472 - IRCServer[4776] - INFO - Received message from Host ID #10 "b'\x00\x00\x00\x00\n\x00\x00\x00\x07\t\x00\x16osgiliath"Citadel of the Stars"'"
2021-12-10 02:44:59,250 - IRCServer[4776] - INFO - Launching client balin...
2021-12-10 02:44:59,261 - IRCServer[4776] - INFO - Sending message to b'\x80\x00\x00\x00k\x00\x00\x00\x00\x05\x00\x0bbalin"Test info"'
2021-12-10 02:44:59,274 - IRCServer[4776] - INFO - Received message from Host ID #107 "b'\x80\x00\x00\x00k\x00\x00\x00\x00\x05\x00\x0bbalin"Test info"'"
2021-12-10 02:44:59,282 - IRCServer[4776] - INFO - Sending message to Host ID #2 "b'\x80\x00\x00\x00k\x00\x00\x00\x05\x05\x00\x0bbalin"Test info"'"
2021-12-10 02:44:59,290 - IRCServer[4776] - INFO - Received message from Host ID #107 "b'\x80\x00\x00\x00k\x00\x00\x00\x05\x05\x00\x0bbalin"Test info"'"
2021-12-10 02:44:59,292 - IRCServer[4776] - INFO - Received message from Host ID #5 "b'\x01\x00\x00\x00\x05\x00\x00\x00k\x00\x00\x00\x00\x00/Welcome to the Clemson Relay Chat network balin'"
2021-12-10 02:44:59,301 - IRCServer[4776] - INFO - Sending message to Host ID #1 "b'\x80\x00\x00\x00k\x00\x00\x00\x02\x05\x00\x0bbalin"Test info"'"
2021-12-10 02:44:59,302 - IRCServer[4776] - INFO - Received message from Host ID #101 "b'\x80\x00\x00\x00e\x00\x00\x00\x05\x0c\x00\x0bfrodobaggins"Test info"'"
2021-12-10 02:44:59,317 - IRCServer[4776] - INFO - Sending message to Host ID #4 "b'\x80\x00\x00\x00k\x00\x00\x00\x02\x05\x00\x0bbalin"Test info"'"
2021-12-10 02:44:59,318 - IRCServer[4776] - INFO - Received message from Host ID #102 "b'\x80\x00\x00\x00f\x00\x00\x00\x05\t\x00\x0bsamgamgee"Test info"'"
2021-12-10 02:44:59,325 - IRCServer[4776] - INFO - Sending message to Host ID #8 "b'\x80\x00\x00\x00k\x00\x00\x00\x02\x05\x00\x0bbalin"Test info"'"
2021-12-10 02:44:59,326 - IRCServer[4776] - INFO - Received message from Host ID #103 "b'\x80\x00\x00\x00g\x00\x00\x00\x05\x06\x00\x0belrond"Test info"'"
2021-12-10 02:44:59,336 - IRCServer[4776] - INFO - Sending message to Host ID #103 "b'\x80\x00\x00\x00k\x00\x00\x00\x02\x05\x00\x0bbalin"Test info"'"
2021-12-10 02:44:59,338 - IRCServer[4776] - INFO - Received message from Host ID #104 "b'\x80\x00\x00\x00h\x00\x00\x00\x05\x0c\x00\x0bbilbobaggins"Test info"'"
2021-12-10 02:44:59,345 - IRCServer[4776] - INFO - Received message from Host ID #107 "b'\x80\x00\x00\x00k\x00\x00\x00\x02\x05\x00\x0bbalin"Test info"'"
2021-12-10 02:44:59,346 - IRCServer[4776] - INFO - Received message from Host ID #107 "b'\x80\x00\x00\x00k\x00\x00\x00\x02\x05\x00\x0bbalin"Test info"'"
2021-12-10 02:44:59,346 - IRCServer[4776] - INFO - Received message from Host ID #107 "b'\x80\x00\x00\x00k\x00\x00\x00\x02\x05\x00\x0bbalin"Test info"'"
2021-12-10 02:44:59,347 - IRCServer[4776] - INFO - Received message from Host ID #107 "b'\x80\x00\x00\x00k\x00\x00\x00\x02\x05\x00\x0bbalin"Test info"'"
2021-12-10 02:44:59,347 - IRCServer[4776] - INFO - Received message from Host ID #105 "b'\x80\x00\x00\x00i\x00\x00\x00\x05\x08\x00\x0bperegrin"Test info"'"
2021-12-10 02:44:59,357 - IRCServer[4776] - INFO - Sending message to Host ID #3 "b'\x80\x00\x00\x00k\x00\x00\x00\x01\x05\x00\x0bbalin"Test info"'"
2021-12-10 02:44:59,359 - IRCServer[4776] - INFO - Sending message to Host ID #6 "b'\x80\x00\x00\x00k\x00\x00\x00\x04\x05\x00\x0bbalin"Test info"'"
2021-12-10 02:44:59,362 - IRCServer[4776] - INFO - Received message from Host ID #106 "b'\x80\x00\x00\x00j\x00\x00\x00\x05\x08\x00\x0bmeriadoc"Test info"'"
2021-12-10 02:44:59,369 - IRCServer[4776] - INFO - Sending message to Host ID #101 "b'\x80\x00\x00\x00k\x00\x00\x00\x01\x05\x00\x0bbalin"Test info"'"
2021-12-10 02:44:59,374 - IRCServer[4776] - INFO - Sending message to Host ID #7 "b'\x80\x00\x00\x00k\x00\x00\x00\x04\x05\x00\x0bbalin"Test info"'"
2021-12-10 02:44:59,381 - IRCServer[4776] - INFO - Sending message to Host ID #102 "b'\x80\x00\x00\x00k\x00\x00\x00\x01\x05\x00\x0bbalin"Test info"'"
2021-12-10 02:44:59,384 - IRCServer[4776] - INFO - Received message from Host ID #107 "b'\x80\x00\x00\x00k\x00\x00\x00\x04\x05\x00\x0bbalin"Test info"'"
2021-12-10 02:44:59,385 - IRCServer[4776] - INFO - Received message from Host ID #107 "b'\x80\x00\x00\x00k\x00\x00\x00\x04\x05\x00\x0bbalin"Test info"'"
2021-12-10 02:44:59,390 - IRCServer[4776] - INFO - Received message from Host ID #107 "b'\x80\x00\x00\x00k\x00\x00\x00\x01\x05\x00\x0bbalin"Test info"'"
2021-12-10 02:44:59,391 - IRCServer[4776] - INFO - Received message from Host ID #107 "b'\x80\x00\x00\x00k\x00\x00\x00\x01\x05\x00\x0bbalin"Test info"'"
2021-12-10 02:44:59,393 - IRCServer[4776] - INFO - Received message from Host ID #107 "b'\x80\x00\x00\x00k\x00\x00\x00\x01\x05\x00\x0bbalin"Test info"'"
2021-12-10 02:44:59,396 - IRCServer[4776] - INFO - Sending message to Host ID #10 "b'\x80\x00\x00\x00k\x00\x00\x00\x07\x05\x00\x0bbalin"Test info"'"
2021-12-10 02:44:59,400 - IRCServer[4776] - INFO - Sending message to Host ID #9 "b'\x80\x00\x00\x00k\x00\x00\x00\x06\x05\x00\x0bbalin"Test info"'"
2021-12-10 02:44:59,410 - IRCServer[4776] - INFO - Sending message to Host ID #104 "b'\x80\x00\x00\x00k\x00\x00\x00\x03\x05\x00\x0bbalin"Test info"'"
2021-12-10 02:44:59,410 - IRCServer[4776] - INFO - Sending message to Host ID #11 "b'\x80\x00\x00\x00k\x00\x00\x00\x07\x05\x00\x0bbalin"Test info"'"
2021-12-10 02:44:59,411 - IRCServer[4776] - INFO - Sending message to Host ID #106 "b'\x80\x00\x00\x00k\x00\x00\x00\x06\x05\x00\x0bbalin"Test info"'"
2021-12-10 02:44:59,422 - IRCServer[4776] - INFO - Sending message to Host ID #105 "b'\x80\x00\x00\x00k\x00\x00\x00\x07\x05\x00\x0bbalin"Test info"'"
2021-12-10 02:44:59,423 - IRCServer[4776] - INFO - Received message from Host ID #107 "b'\x80\x00\x00\x00k\x00\x00\x00\x03\x05\x00\x0bbalin"Test info"'"
2021-12-10 02:44:59,424 - IRCServer[4776] - INFO - Received message from Host ID #107 "b'\x80\x00\x00\x00k\x00\x00\x00\x06\x05\x00\x0bbalin"Test info"'"
2021-12-10 02:44:59,425 - IRCServer[4776] - INFO - Received message from Host ID #107 "b'\x80\x00\x00\x00k\x00\x00\x00\x06\x05\x00\x0bbalin"Test info"'"
2021-12-10 02:44:59,435 - IRCServer[4776] - INFO - Received message from Host ID #107 "b'\x80\x00\x00\x00k\x00\x00\x00\x07\x05\x00\x0bbalin"Test info"'"
2021-12-10 02:44:59,435 - IRCServer[4776] - INFO - Received message from Host ID #107 "b'\x80\x00\x00\x00k\x00\x00\x00\x07\x05\x00\x0bbalin"Test info"'"
2021-12-10 02:44:59,436 - IRCServer[4776] - INFO - Received message from Host ID #107 "b'\x80\x00\x00\x00k\x00\x00\x00\x07\x05\x00\x0bbalin"Test info"'"
2021-12-10 02:45:00,263 - IRCServer[4776] - INFO - Launching client sauron...
2021-12-10 02:45:00,272 - IRCServer[4776] - INFO - Sending message to b'\x80\x00\x00\x00l\x00\x00\x00\x00\x06\x00\x0bsauron"Test info"'
2021-12-10 02:45:00,283 - IRCServer[4776] - INFO - Received message from Host ID #108 "b'\x80\x00\x00\x00l\x00\x00\x00\x00\x06\x00\x0bsauron"Test info"'"
2021-12-10 02:45:00,295 - IRCServer[4776] - INFO - Sending message to Host ID #7 "b'\x80\x00\x00\x00l\x00\x00\x00\x0b\x06\x00\x0bsauron"Test info"'"
2021-12-10 02:45:00,305 - IRCServer[4776] - INFO - Received message from Host ID #11 "b'\x01\x00\x00\x00\x0b\x00\x00\x00l\x00\x00\x00\x00\x000Welcome to the Clemson Relay Chat network sauron'"
2021-12-10 02:45:00,305 - IRCServer[4776] - INFO - Received message from Host ID #108 "b'\x80\x00\x00\x00l\x00\x00\x00\x0b\x06\x00\x0bsauron"Test info"'"
2021-12-10 02:45:00,313 - IRCServer[4776] - INFO - Received message from Host ID #101 "b'\x80\x00\x00\x00e\x00\x00\x00\x0b\x0c\x00\x0bfrodobaggins"Test info"'"
2021-12-10 02:45:00,314 - IRCServer[4776] - INFO - Sending message to Host ID #4 "b'\x80\x00\x00\x00l\x00\x00\x00\x07\x06\x00\x0bsauron"Test info"'"
2021-12-10 02:45:00,322 - IRCServer[4776] - INFO - Received message from Host ID #102 "b'\x80\x00\x00\x00f\x00\x00\x00\x0b\t\x00\x0bsamgamgee"Test info"'"
2021-12-10 02:45:00,324 - IRCServer[4776] - INFO - Sending message to Host ID #10 "b'\x80\x00\x00\x00l\x00\x00\x00\x07\x06\x00\x0bsauron"Test info"'"
2021-12-10 02:45:00,332 - IRCServer[4776] - INFO - Received message from Host ID #103 "b'\x80\x00\x00\x00g\x00\x00\x00\x0b\x06\x00\x0belrond"Test info"'"
2021-12-10 02:45:00,334 - IRCServer[4776] - INFO - Sending message to Host ID #105 "b'\x80\x00\x00\x00l\x00\x00\x00\x07\x06\x00\x0bsauron"Test info"'"
2021-12-10 02:45:00,341 - IRCServer[4776] - INFO - Received message from Host ID #104 "b'\x80\x00\x00\x00h\x00\x00\x00\x0b\x0c\x00\x0bbilbobaggins"Test info"'"
2021-12-10 02:45:00,344 - IRCServer[4776] - INFO - Received message from Host ID #108 "b'\x80\x00\x00\x00l\x00\x00\x00\x07\x06\x00\x0bsauron"Test info"'"
2021-12-10 02:45:00,345 - IRCServer[4776] - INFO - Received message from Host ID #108 "b'\x80\x00\x00\x00l\x00\x00\x00\x07\x06\x00\x0bsauron"Test info"'"
2021-12-10 02:45:00,346 - IRCServer[4776] - INFO - Received message from Host ID #108 "b'\x80\x00\x00\x00l\x00\x00\x00\x07\x06\x00\x0bsauron"Test info"'"
2021-12-10 02:45:00,353 - IRCServer[4776] - INFO - Received message from Host ID #105 "b'\x80\x00\x00\x00i\x00\x00\x00\x0b\x08\x00\x0bperegrin"Test info"'"
2021-12-10 02:45:00,360 - IRCServer[4776] - INFO - Sending message to Host ID #2 "b'\x80\x00\x00\x00l\x00\x00\x00\x04\x06\x00\x0bsauron"Test info"'"
2021-12-10 02:45:00,366 - IRCServer[4776] - INFO - Received message from Host ID #106 "b'\x80\x00\x00\x00j\x00\x00\x00\x0b\x08\x00\x0bmeriadoc"Test info"'"
2021-12-10 02:45:00,371 - IRCServer[4776] - INFO - Sending message to Host ID #6 "b'\x80\x00\x00\x00l\x00\x00\x00\x04\x06\x00\x0bsauron"Test info"'"
2021-12-10 02:45:00,375 - IRCServer[4776] - INFO - Received message from Host ID #107 "b'\x80\x00\x00\x00k\x00\x00\x00\x0b\x05\x00\x0bbalin"Test info"'"
2021-12-10 02:45:00,385 - IRCServer[4776] - INFO - Received message from Host ID #108 "b'\x80\x00\x00\x00l\x00\x00\x00\x04\x06\x00\x0bsauron"Test info"'"
2021-12-10 02:45:00,385 - IRCServer[4776] - INFO - Received message from Host ID #108 "b'\x80\x00\x00\x00l\x00\x00\x00\x04\x06\x00\x0bsauron"Test info"'"
2021-12-10 02:45:00,392 - IRCServer[4776] - INFO - Sending message to Host ID #9 "b'\x80\x00\x00\x00l\x00\x00\x00\x06\x06\x00\x0bsauron"Test info"'"
2021-12-10 02:45:00,395 - IRCServer[4776] - INFO - Sending message to Host ID #1 "b'\x80\x00\x00\x00l\x00\x00\x00\x02\x06\x00\x0bsauron"Test info"'"
2021-12-10 02:45:00,404 - IRCServer[4776] - INFO - Sending message to Host ID #106 "b'\x80\x00\x00\x00l\x00\x00\x00\x06\x06\x00\x0bsauron"Test info"'"
2021-12-10 02:45:00,407 - IRCServer[4776] - INFO - Sending message to Host ID #5 "b'\x80\x00\x00\x00l\x00\x00\x00\x02\x06\x00\x0bsauron"Test info"'"
2021-12-10 02:45:00,413 - IRCServer[4776] - INFO - Received message from Host ID #108 "b'\x80\x00\x00\x00l\x00\x00\x00\x06\x06\x00\x0bsauron"Test info"'"
2021-12-10 02:45:00,414 - IRCServer[4776] - INFO - Received message from Host ID #108 "b'\x80\x00\x00\x00l\x00\x00\x00\x06\x06\x00\x0bsauron"Test info"'"
2021-12-10 02:45:00,420 - IRCServer[4776] - INFO - Sending message to Host ID #8 "b'\x80\x00\x00\x00l\x00\x00\x00\x02\x06\x00\x0bsauron"Test info"'"
2021-12-10 02:45:00,429 - IRCServer[4776] - INFO - Sending message to Host ID #103 "b'\x80\x00\x00\x00l\x00\x00\x00\x02\x06\x00\x0bsauron"Test info"'"
2021-12-10 02:45:00,437 - IRCServer[4776] - INFO - Received message from Host ID #108 "b'\x80\x00\x00\x00l\x00\x00\x00\x02\x06\x00\x0bsauron"Test info"'"
2021-12-10 02:45:00,438 - IRCServer[4776] - INFO - Received message from Host ID #108 "b'\x80\x00\x00\x00l\x00\x00\x00\x02\x06\x00\x0bsauron"Test info"'"
2021-12-10 02:45:00,438 - IRCServer[4776] - INFO - Received message from Host ID #108 "b'\x80\x00\x00\x00l\x00\x00\x00\x02\x06\x00\x0bsauron"Test info"'"
2021-12-10 02:45:00,438 - IRCServer[4776] - INFO - Received message from Host ID #108 "b'\x80\x00\x00\x00l\x00\x00\x00\x02\x06\x00\x0bsauron"Test info"'"
2021-12-10 02:45:00,450 - IRCServer[4776] - INFO - Sending message to Host ID #3 "b'\x80\x00\x00\x00l\x00\x00\x00\x01\x06\x00\x0bsauron"Test info"'"
2021-12-10 02:45:00,451 - IRCServer[4776] - INFO - Sending message to Host ID #107 "b'\x80\x00\x00\x00l\x00\x00\x00\x05\x06\x00\x0bsauron"Test info"'"
2021-12-10 02:45:00,461 - IRCServer[4776] - INFO - Sending message to Host ID #101 "b'\x80\x00\x00\x00l\x00\x00\x00\x01\x06\x00\x0bsauron"Test info"'"
2021-12-10 02:45:00,462 - IRCServer[4776] - INFO - Received message from Host ID #108 "b'\x80\x00\x00\x00l\x00\x00\x00\x05\x06\x00\x0bsauron"Test info"'"
2021-12-10 02:45:00,474 - IRCServer[4776] - INFO - Sending message to Host ID #102 "b'\x80\x00\x00\x00l\x00\x00\x00\x01\x06\x00\x0bsauron"Test info"'"
2021-12-10 02:45:00,482 - IRCServer[4776] - INFO - Received message from Host ID #108 "b'\x80\x00\x00\x00l\x00\x00\x00\x01\x06\x00\x0bsauron"Test info"'"
2021-12-10 02:45:00,482 - IRCServer[4776] - INFO - Received message from Host ID #108 "b'\x80\x00\x00\x00l\x00\x00\x00\x01\x06\x00\x0bsauron"Test info"'"
2021-12-10 02:45:00,485 - IRCServer[4776] - INFO - Received message from Host ID #108 "b'\x80\x00\x00\x00l\x00\x00\x00\x01\x06\x00\x0bsauron"Test info"'"
2021-12-10 02:45:00,496 - IRCServer[4776] - INFO - Sending message to Host ID #104 "b'\x80\x00\x00\x00l\x00\x00\x00\x03\x06\x00\x0bsauron"Test info"'"
2021-12-10 02:45:00,507 - IRCServer[4776] - INFO - Received message from Host ID #108 "b'\x80\x00\x00\x00l\x00\x00\x00\x03\x06\x00\x0bsauron"Test info"'"
2021-12-10 02:45:02,770 - IRCServer[4776] - INFO - Server has disconnected!
2021-12-10 02:45:02,774 - IRCServer[4776] - INFO - Server has disconnected!
2021-12-10 02:45:02,775 - IRCServer[4776] - INFO - Server has disconnected!
2021-12-10 02:45:02,780 - IRCServer[4776] - INFO - Server has disconnected!
2021-12-10 02:45:02,783 - IRCServer[4776] - INFO - Server has disconnected!
2021-12-10 02:45:02,785 - IRCServer[4776] - INFO - Server has disconnected!
2021-12-10 02:45:02,787 - IRCServer[4776] - INFO - Server has disconnected!
2021-12-10 02:45:03,112 - IRCServer[4776] - INFO - Server has disconnected!
